  [1m[35m (8.4ms)[0m  [1m[34mSELECT "schema_migrations"."version" FROM "schema_migrations" ORDER BY "schema_migrations"."version" ASC[0m
  ↳ /Users/marynaulasava/.rvm/gems/ruby-2.3.3/bin/rake:23
Started GET "/messages/most_recent" for 127.0.0.1 at 2018-08-19 15:06:02 -0400
  [1m[35m (1.1ms)[0m  [1m[34mSELECT "schema_migrations"."version" FROM "schema_migrations" ORDER BY "schema_migrations"."version" ASC[0m
  ↳ /Users/marynaulasava/.rvm/gems/ruby-2.3.3/gems/activerecord-5.2.0/lib/active_record/log_subscriber.rb:98
Processing by MessagesController#most_recent as */*
  [1m[36mMessage Load (74.2ms)[0m  [1m[34mSELECT "messages".* FROM "messages" ORDER BY created_at DESC[0m
  ↳ app/controllers/messages_controller.rb:38
[active_model_serializers]   [1m[36mUser Load (18.4ms)[0m  [1m[34mSELECT  "users".* FROM "users" WHERE "users"."id" = $1 LIMIT $2[0m  [["id", 34], ["LIMIT", 1]]
[active_model_serializers]   ↳ app/controllers/messages_controller.rb:38
[active_model_serializers]   [1m[36mUser Load (0.4ms)[0m  [1m[34mSELECT  "users".* FROM "users" WHERE "users"."id" = $1 LIMIT $2[0m  [["id", 31], ["LIMIT", 1]]
[active_model_serializers]   ↳ app/controllers/messages_controller.rb:38
[active_model_serializers]   [1m[36mUser Load (0.6ms)[0m  [1m[34mSELECT  "users".* FROM "users" WHERE "users"."id" = $1 LIMIT $2[0m  [["id", 32], ["LIMIT", 1]]
[active_model_serializers]   ↳ app/controllers/messages_controller.rb:38
[active_model_serializers]   [1m[36mUser Load (0.3ms)[0m  [1m[34mSELECT  "users".* FROM "users" WHERE "users"."id" = $1 LIMIT $2[0m  [["id", 30], ["LIMIT", 1]]
[active_model_serializers]   ↳ app/controllers/messages_controller.rb:38
[active_model_serializers]   [1m[36mUser Load (0.2ms)[0m  [1m[34mSELECT  "users".* FROM "users" WHERE "users"."id" = $1 LIMIT $2[0m  [["id", 23], ["LIMIT", 1]]
[active_model_serializers]   ↳ app/controllers/messages_controller.rb:38
[active_model_serializers]   [1m[36mUser Load (0.3ms)[0m  [1m[34mSELECT  "users".* FROM "users" WHERE "users"."id" = $1 LIMIT $2[0m  [["id", 15], ["LIMIT", 1]]
[active_model_serializers]   ↳ app/controllers/messages_controller.rb:38
[active_model_serializers]   [1m[36mUser Load (0.3ms)[0m  [1m[34mSELECT  "users".* FROM "users" WHERE "users"."id" = $1 LIMIT $2[0m  [["id", 14], ["LIMIT", 1]]
[active_model_serializers]   ↳ app/controllers/messages_controller.rb:38
[active_model_serializers]   [1m[36mUser Load (0.1ms)[0m  [1m[34mSELECT  "users".* FROM "users" WHERE "users"."id" = $1 LIMIT $2[0m  [["id", 13], ["LIMIT", 1]]
[active_model_serializers]   ↳ app/controllers/messages_controller.rb:38
[active_model_serializers]   [1m[36mUser Load (0.2ms)[0m  [1m[34mSELECT  "users".* FROM "users" WHERE "users"."id" = $1 LIMIT $2[0m  [["id", 12], ["LIMIT", 1]]
[active_model_serializers]   ↳ app/controllers/messages_controller.rb:38
[active_model_serializers]   [1m[36mUser Load (0.2ms)[0m  [1m[34mSELECT  "users".* FROM "users" WHERE "users"."id" = $1 LIMIT $2[0m  [["id", 11], ["LIMIT", 1]]
[active_model_serializers]   ↳ app/controllers/messages_controller.rb:38
[active_model_serializers]   [1m[36mUser Load (0.2ms)[0m  [1m[34mSELECT  "users".* FROM "users" WHERE "users"."id" = $1 LIMIT $2[0m  [["id", 9], ["LIMIT", 1]]
[active_model_serializers]   ↳ app/controllers/messages_controller.rb:38
[active_model_serializers]   [1m[36mUser Load (0.2ms)[0m  [1m[34mSELECT  "users".* FROM "users" WHERE "users"."id" = $1 LIMIT $2[0m  [["id", 10], ["LIMIT", 1]]
[active_model_serializers]   ↳ app/controllers/messages_controller.rb:38
[active_model_serializers]   [1m[36mUser Load (0.1ms)[0m  [1m[34mSELECT  "users".* FROM "users" WHERE "users"."id" = $1 LIMIT $2[0m  [["id", 7], ["LIMIT", 1]]
[active_model_serializers]   ↳ app/controllers/messages_controller.rb:38
[active_model_serializers]   [1m[36mUser Load (0.2ms)[0m  [1m[34mSELECT  "users".* FROM "users" WHERE "users"."id" = $1 LIMIT $2[0m  [["id", 8], ["LIMIT", 1]]
[active_model_serializers]   ↳ app/controllers/messages_controller.rb:38
[active_model_serializers]   [1m[36mUser Load (0.2ms)[0m  [1m[34mSELECT  "users".* FROM "users" WHERE "users"."id" = $1 LIMIT $2[0m  [["id", 3], ["LIMIT", 1]]
[active_model_serializers]   ↳ app/controllers/messages_controller.rb:38
[active_model_serializers]   [1m[36mUser Load (0.2ms)[0m  [1m[34mSELECT  "users".* FROM "users" WHERE "users"."id" = $1 LIMIT $2[0m  [["id", 5], ["LIMIT", 1]]
[active_model_serializers]   ↳ app/controllers/messages_controller.rb:38
[active_model_serializers]   [1m[36mUser Load (0.3ms)[0m  [1m[34mSELECT  "users".* FROM "users" WHERE "users"."id" = $1 LIMIT $2[0m  [["id", 5], ["LIMIT", 1]]
[active_model_serializers]   ↳ app/controllers/messages_controller.rb:38
[active_model_serializers]   [1m[36mUser Load (0.2ms)[0m  [1m[34mSELECT  "users".* FROM "users" WHERE "users"."id" = $1 LIMIT $2[0m  [["id", 6], ["LIMIT", 1]]
[active_model_serializers]   ↳ app/controllers/messages_controller.rb:38
[active_model_serializers] Rendered ActiveModel::Serializer::CollectionSerializer with ActiveModelSerializers::Adapter::Attributes (110.95ms)
Completed 200 OK in 264ms (Views: 131.6ms | ActiveRecord: 119.1ms)


Started GET "/messages/most_recent.json" for ::1 at 2018-08-19 15:07:31 -0400
Started GET "/messages/most_recent" for 127.0.0.1 at 2018-08-19 15:07:41 -0400
Processing by MessagesController#most_recent as JSON
  [1m[36mMessage Load (3.0ms)[0m  [1m[34mSELECT "messages".* FROM "messages" ORDER BY created_at DESC[0m
  ↳ app/controllers/messages_controller.rb:38
  [1m[36mUser Load (6.8ms)[0m  [1m[34mSELECT "users".* FROM "users" WHERE "users"."id" IN ($1, $2, $3, $4, $5, $6, $7, $8, $9, $10, $11, $12)[0m  [["id", 34], ["id", 31], ["id", 30], ["id", 23], ["id", 15], ["id", 14], ["id", 13], ["id", 11], ["id", 9], ["id", 7], ["id", 3], ["id", 5]]
  ↳ app/controllers/messages_controller.rb:38
  [1m[36mUser Load (0.5ms)[0m  [1m[34mSELECT "users".* FROM "users" WHERE "users"."id" IN ($1, $2, $3, $4, $5, $6)[0m  [["id", 32], ["id", 12], ["id", 10], ["id", 8], ["id", 5], ["id", 6]]
  ↳ app/controllers/messages_controller.rb:38
[active_model_serializers] Rendered ActiveModel::Serializer::CollectionSerializer with ActiveModelSerializers::Adapter::Attributes (27.25ms)
Completed 200 OK in 122ms (Views: 79.7ms | ActiveRecord: 32.9ms)


Processing by MessagesController#most_recent as */*
  [1m[36mMessage Load (0.5ms)[0m  [1m[34mSELECT "messages".* FROM "messages" ORDER BY created_at DESC[0m
  ↳ app/controllers/messages_controller.rb:38
  [1m[36mUser Load (0.5ms)[0m  [1m[34mSELECT "users".* FROM "users" WHERE "users"."id" IN ($1, $2, $3, $4, $5, $6, $7, $8, $9, $10, $11, $12)[0m  [["id", 34], ["id", 31], ["id", 30], ["id", 23], ["id", 15], ["id", 14], ["id", 13], ["id", 11], ["id", 9], ["id", 7], ["id", 3], ["id", 5]]
  ↳ app/controllers/messages_controller.rb:38
  [1m[36mUser Load (0.5ms)[0m  [1m[34mSELECT "users".* FROM "users" WHERE "users"."id" IN ($1, $2, $3, $4, $5, $6)[0m  [["id", 32], ["id", 12], ["id", 10], ["id", 8], ["id", 5], ["id", 6]]
  ↳ app/controllers/messages_controller.rb:38
[active_model_serializers] Rendered ActiveModel::Serializer::CollectionSerializer with ActiveModelSerializers::Adapter::Attributes (22.1ms)
Completed 200 OK in 67ms (Views: 48.7ms | ActiveRecord: 14.8ms)


Started GET "/messages/most_recent" for 127.0.0.1 at 2018-08-19 16:16:42 -0400
  [1m[35m (13.5ms)[0m  [1m[34mSELECT "schema_migrations"."version" FROM "schema_migrations" ORDER BY "schema_migrations"."version" ASC[0m
  ↳ /Users/marynaulasava/.rvm/gems/ruby-2.3.3/gems/activerecord-5.2.0/lib/active_record/log_subscriber.rb:98
Processing by MessagesController#most_recent as */*
  [1m[36mMessage Load (1.6ms)[0m  [1m[34mSELECT "messages".* FROM "messages" ORDER BY created_at DESC[0m
  ↳ app/controllers/messages_controller.rb:38
  [1m[36mUser Load (1.3ms)[0m  [1m[34mSELECT "users".* FROM "users" WHERE "users"."id" IN ($1, $2, $3, $4, $5, $6, $7, $8, $9, $10, $11, $12)[0m  [["id", 34], ["id", 31], ["id", 30], ["id", 23], ["id", 15], ["id", 14], ["id", 13], ["id", 11], ["id", 9], ["id", 7], ["id", 3], ["id", 5]]
  ↳ app/controllers/messages_controller.rb:38
  [1m[36mUser Load (0.4ms)[0m  [1m[34mSELECT "users".* FROM "users" WHERE "users"."id" IN ($1, $2, $3, $4, $5, $6)[0m  [["id", 32], ["id", 12], ["id", 10], ["id", 8], ["id", 5], ["id", 6]]
  ↳ app/controllers/messages_controller.rb:38
[active_model_serializers] Rendered ActiveModel::Serializer::CollectionSerializer with ActiveModelSerializers::Adapter::Attributes (24.98ms)
Completed 200 OK in 101ms (Views: 76.1ms | ActiveRecord: 16.3ms)


Started GET "/messages/most_recent" for 127.0.0.1 at 2018-08-19 16:32:33 -0400
Processing by MessagesController#most_recent as */*
  [1m[36mMessage Load (7.8ms)[0m  [1m[34mSELECT "messages".* FROM "messages" ORDER BY created_at DESC[0m
  ↳ app/controllers/messages_controller.rb:38
  [1m[36mUser Load (2.9ms)[0m  [1m[34mSELECT "users".* FROM "users" WHERE "users"."id" IN ($1, $2, $3, $4, $5, $6, $7, $8, $9, $10, $11, $12)[0m  [["id", 34], ["id", 31], ["id", 30], ["id", 23], ["id", 15], ["id", 14], ["id", 13], ["id", 11], ["id", 9], ["id", 7], ["id", 3], ["id", 5]]
  ↳ app/controllers/messages_controller.rb:38
  [1m[36mUser Load (0.8ms)[0m  [1m[34mSELECT "users".* FROM "users" WHERE "users"."id" IN ($1, $2, $3, $4, $5, $6)[0m  [["id", 32], ["id", 12], ["id", 10], ["id", 8], ["id", 5], ["id", 6]]
  ↳ app/controllers/messages_controller.rb:38
[active_model_serializers] Rendered ActiveModel::Serializer::CollectionSerializer with ActiveModelSerializers::Adapter::Attributes (52.78ms)
Completed 200 OK in 156ms (Views: 127.4ms | ActiveRecord: 11.5ms)


Started GET "/messages/most_recent" for 127.0.0.1 at 2018-08-19 16:32:55 -0400
Processing by MessagesController#most_recent as */*
  [1m[36mMessage Load (1.6ms)[0m  [1m[34mSELECT "messages".* FROM "messages" ORDER BY created_at DESC[0m
  ↳ app/controllers/messages_controller.rb:38
  [1m[36mUser Load (0.5ms)[0m  [1m[34mSELECT "users".* FROM "users" WHERE "users"."id" IN ($1, $2, $3, $4, $5, $6, $7, $8, $9, $10, $11, $12)[0m  [["id", 34], ["id", 31], ["id", 30], ["id", 23], ["id", 15], ["id", 14], ["id", 13], ["id", 11], ["id", 9], ["id", 7], ["id", 3], ["id", 5]]
  ↳ app/controllers/messages_controller.rb:38
  [1m[36mUser Load (0.5ms)[0m  [1m[34mSELECT "users".* FROM "users" WHERE "users"."id" IN ($1, $2, $3, $4, $5, $6)[0m  [["id", 32], ["id", 12], ["id", 10], ["id", 8], ["id", 5], ["id", 6]]
  ↳ app/controllers/messages_controller.rb:38
[active_model_serializers] Rendered ActiveModel::Serializer::CollectionSerializer with ActiveModelSerializers::Adapter::Attributes (13.09ms)
Completed 200 OK in 24ms (Views: 21.2ms | ActiveRecord: 2.6ms)


Started POST "/messages" for 127.0.0.1 at 2018-08-19 16:34:13 -0400
Processing by MessagesController#create as JSON
  Parameters: {"message"=>{"content"=>"Tact is the art of making a point without making an enemy.", "sender_attributes"=>{"name"=>"Isaac Newton"}, "recipient_attributes"=>{"name"=>"People"}}}
  [1m[36mUser Load (35.4ms)[0m  [1m[34mSELECT  "users".* FROM "users" WHERE "users"."name" = $1 LIMIT $2[0m  [["name", "Isaac Newton"], ["LIMIT", 1]]
  ↳ app/models/message.rb:14
  [1m[35m (0.9ms)[0m  [1m[35mBEGIN[0m
  ↳ app/models/message.rb:14
  [1m[36mUser Create (11.7ms)[0m  [1m[32mINSERT INTO "users" ("name", "created_at", "updated_at") VALUES ($1, $2, $3) RETURNING "id"[0m  [["name", "Isaac Newton"], ["created_at", "2018-08-19 20:34:14.095017"], ["updated_at", "2018-08-19 20:34:14.095017"]]
  ↳ app/models/message.rb:14
  [1m[35m (251.1ms)[0m  [1m[35mCOMMIT[0m
  ↳ app/models/message.rb:14
  [1m[36mUser Load (0.4ms)[0m  [1m[34mSELECT  "users".* FROM "users" WHERE "users"."name" = $1 LIMIT $2[0m  [["name", "People"], ["LIMIT", 1]]
  ↳ app/models/message.rb:19
  [1m[35m (0.2ms)[0m  [1m[35mBEGIN[0m
  ↳ app/models/message.rb:19
  [1m[36mUser Create (0.4ms)[0m  [1m[32mINSERT INTO "users" ("name", "created_at", "updated_at") VALUES ($1, $2, $3) RETURNING "id"[0m  [["name", "People"], ["created_at", "2018-08-19 20:34:14.366157"], ["updated_at", "2018-08-19 20:34:14.366157"]]
  ↳ app/models/message.rb:19
  [1m[35m (0.3ms)[0m  [1m[35mCOMMIT[0m
  ↳ app/models/message.rb:19
  [1m[35m (0.1ms)[0m  [1m[35mBEGIN[0m
  ↳ app/controllers/messages_controller.rb:10
  [1m[36mMessage Create (0.8ms)[0m  [1m[32mINSERT INTO "messages" ("content", "sender_id", "recipient_id", "created_at", "updated_at") VALUES ($1, $2, $3, $4, $5) RETURNING "id"[0m  [["content", "Tact is the art of making a point without making an enemy."], ["sender_id", 37], ["recipient_id", 38], ["created_at", "2018-08-19 20:34:14.369158"], ["updated_at", "2018-08-19 20:34:14.369158"]]
  ↳ app/controllers/messages_controller.rb:10
  [1m[35m (0.3ms)[0m  [1m[35mCOMMIT[0m
  ↳ app/controllers/messages_controller.rb:10
[active_model_serializers] Rendered MessageSerializer with ActiveModelSerializers::Adapter::Attributes (2.69ms)
Completed 200 OK in 483ms (Views: 5.7ms | ActiveRecord: 301.6ms)


Started GET "/messages/most_recent" for 127.0.0.1 at 2018-08-19 16:34:14 -0400
Processing by MessagesController#most_recent as */*
  [1m[36mMessage Load (0.6ms)[0m  [1m[34mSELECT "messages".* FROM "messages" ORDER BY created_at DESC[0m
  ↳ app/controllers/messages_controller.rb:38
  [1m[36mUser Load (0.9ms)[0m  [1m[34mSELECT "users".* FROM "users" WHERE "users"."id" IN ($1, $2, $3, $4, $5, $6, $7, $8, $9, $10, $11, $12, $13)[0m  [["id", 37], ["id", 34], ["id", 31], ["id", 30], ["id", 23], ["id", 15], ["id", 14], ["id", 13], ["id", 11], ["id", 9], ["id", 7], ["id", 3], ["id", 5]]
  ↳ app/controllers/messages_controller.rb:38
  [1m[36mUser Load (0.5ms)[0m  [1m[34mSELECT "users".* FROM "users" WHERE "users"."id" IN ($1, $2, $3, $4, $5, $6, $7)[0m  [["id", 38], ["id", 32], ["id", 12], ["id", 10], ["id", 8], ["id", 5], ["id", 6]]
  ↳ app/controllers/messages_controller.rb:38
[active_model_serializers] Rendered ActiveModel::Serializer::CollectionSerializer with ActiveModelSerializers::Adapter::Attributes (17.04ms)
Completed 200 OK in 31ms (Views: 28.2ms | ActiveRecord: 2.1ms)


Started GET "/messages/most_recent" for 127.0.0.1 at 2018-08-19 16:37:53 -0400
Processing by MessagesController#most_recent as */*
  [1m[36mMessage Load (1.8ms)[0m  [1m[34mSELECT "messages".* FROM "messages" ORDER BY created_at DESC[0m
  ↳ app/controllers/messages_controller.rb:38
  [1m[36mUser Load (0.7ms)[0m  [1m[34mSELECT "users".* FROM "users" WHERE "users"."id" IN ($1, $2, $3, $4, $5, $6, $7, $8, $9, $10, $11, $12, $13)[0m  [["id", 37], ["id", 34], ["id", 31], ["id", 30], ["id", 23], ["id", 15], ["id", 14], ["id", 13], ["id", 11], ["id", 9], ["id", 7], ["id", 3], ["id", 5]]
  ↳ app/controllers/messages_controller.rb:38
  [1m[36mUser Load (0.4ms)[0m  [1m[34mSELECT "users".* FROM "users" WHERE "users"."id" IN ($1, $2, $3, $4, $5, $6, $7)[0m  [["id", 38], ["id", 32], ["id", 12], ["id", 10], ["id", 8], ["id", 5], ["id", 6]]
  ↳ app/controllers/messages_controller.rb:38
[active_model_serializers] Rendered ActiveModel::Serializer::CollectionSerializer with ActiveModelSerializers::Adapter::Attributes (14.07ms)
Completed 200 OK in 26ms (Views: 22.1ms | ActiveRecord: 2.8ms)


Started GET "/messages/most_recent" for 127.0.0.1 at 2018-08-19 16:38:20 -0400
Processing by MessagesController#most_recent as */*
  [1m[36mMessage Load (0.9ms)[0m  [1m[34mSELECT "messages".* FROM "messages" ORDER BY created_at DESC[0m
  ↳ app/controllers/messages_controller.rb:38
  [1m[36mUser Load (0.5ms)[0m  [1m[34mSELECT "users".* FROM "users" WHERE "users"."id" IN ($1, $2, $3, $4, $5, $6, $7, $8, $9, $10, $11, $12, $13)[0m  [["id", 37], ["id", 34], ["id", 31], ["id", 30], ["id", 23], ["id", 15], ["id", 14], ["id", 13], ["id", 11], ["id", 9], ["id", 7], ["id", 3], ["id", 5]]
  ↳ app/controllers/messages_controller.rb:38
  [1m[36mUser Load (0.7ms)[0m  [1m[34mSELECT "users".* FROM "users" WHERE "users"."id" IN ($1, $2, $3, $4, $5, $6, $7)[0m  [["id", 38], ["id", 32], ["id", 12], ["id", 10], ["id", 8], ["id", 5], ["id", 6]]
  ↳ app/controllers/messages_controller.rb:38
[active_model_serializers] Rendered ActiveModel::Serializer::CollectionSerializer with ActiveModelSerializers::Adapter::Attributes (18.97ms)
Completed 200 OK in 30ms (Views: 27.2ms | ActiveRecord: 2.1ms)


Started GET "/messages/most_recent" for 127.0.0.1 at 2018-08-19 16:41:31 -0400
Processing by MessagesController#most_recent as */*
  [1m[36mMessage Load (0.6ms)[0m  [1m[34mSELECT "messages".* FROM "messages" ORDER BY created_at DESC[0m
  ↳ app/controllers/messages_controller.rb:38
  [1m[36mUser Load (0.7ms)[0m  [1m[34mSELECT "users".* FROM "users" WHERE "users"."id" IN ($1, $2, $3, $4, $5, $6, $7, $8, $9, $10, $11, $12, $13)[0m  [["id", 37], ["id", 34], ["id", 31], ["id", 30], ["id", 23], ["id", 15], ["id", 14], ["id", 13], ["id", 11], ["id", 9], ["id", 7], ["id", 3], ["id", 5]]
  ↳ app/controllers/messages_controller.rb:38
  [1m[36mUser Load (0.8ms)[0m  [1m[34mSELECT "users".* FROM "users" WHERE "users"."id" IN ($1, $2, $3, $4, $5, $6, $7)[0m  [["id", 38], ["id", 32], ["id", 12], ["id", 10], ["id", 8], ["id", 5], ["id", 6]]
  ↳ app/controllers/messages_controller.rb:38
[active_model_serializers] Rendered ActiveModel::Serializer::CollectionSerializer with ActiveModelSerializers::Adapter::Attributes (21.87ms)
Completed 200 OK in 35ms (Views: 33.0ms | ActiveRecord: 2.0ms)


Started POST "/messages" for 127.0.0.1 at 2018-08-19 16:41:57 -0400
Processing by MessagesController#create as JSON
  Parameters: {"message"=>{"content"=>"test", "sender_attributes"=>{"name"=>""}, "recipient_attributes"=>{"name"=>""}}}
  [1m[36mUser Load (1.9ms)[0m  [1m[34mSELECT  "users".* FROM "users" WHERE "users"."name" = $1 LIMIT $2[0m  [["name", ""], ["LIMIT", 1]]
  ↳ app/models/message.rb:14
  [1m[35m (0.3ms)[0m  [1m[35mBEGIN[0m
  ↳ app/models/message.rb:14
  [1m[35m (6.6ms)[0m  [1m[31mROLLBACK[0m
  ↳ app/models/message.rb:14
  [1m[36mUser Load (0.8ms)[0m  [1m[34mSELECT  "users".* FROM "users" WHERE "users"."name" = $1 LIMIT $2[0m  [["name", ""], ["LIMIT", 1]]
  ↳ app/models/message.rb:19
  [1m[35m (0.1ms)[0m  [1m[35mBEGIN[0m
  ↳ app/models/message.rb:19
  [1m[35m (0.5ms)[0m  [1m[31mROLLBACK[0m
  ↳ app/models/message.rb:19
  [1m[35m (0.1ms)[0m  [1m[35mBEGIN[0m
  ↳ app/controllers/messages_controller.rb:10
  [1m[36mMessage Create (23.1ms)[0m  [1m[32mINSERT INTO "messages" ("content", "created_at", "updated_at") VALUES ($1, $2, $3) RETURNING "id"[0m  [["content", "test"], ["created_at", "2018-08-19 20:41:57.758575"], ["updated_at", "2018-08-19 20:41:57.758575"]]
  ↳ app/controllers/messages_controller.rb:10
  [1m[35m (18.2ms)[0m  [1m[35mCOMMIT[0m
  ↳ app/controllers/messages_controller.rb:10
[active_model_serializers] Rendered MessageSerializer with ActiveModelSerializers::Adapter::Attributes (1.05ms)
Completed 200 OK in 130ms (Views: 1.9ms | ActiveRecord: 51.6ms)


Started GET "/messages/most_recent" for 127.0.0.1 at 2018-08-19 16:47:30 -0400
Processing by MessagesController#most_recent as */*
  [1m[36mMessage Load (1.2ms)[0m  [1m[34mSELECT "messages".* FROM "messages" ORDER BY created_at DESC[0m
  ↳ app/controllers/messages_controller.rb:38
  [1m[36mUser Load (0.9ms)[0m  [1m[34mSELECT "users".* FROM "users" WHERE "users"."id" IN ($1, $2, $3, $4, $5, $6, $7, $8, $9, $10, $11, $12, $13)[0m  [["id", 37], ["id", 34], ["id", 31], ["id", 30], ["id", 23], ["id", 15], ["id", 14], ["id", 13], ["id", 11], ["id", 9], ["id", 7], ["id", 3], ["id", 5]]
  ↳ app/controllers/messages_controller.rb:38
  [1m[36mUser Load (0.9ms)[0m  [1m[34mSELECT "users".* FROM "users" WHERE "users"."id" IN ($1, $2, $3, $4, $5, $6, $7)[0m  [["id", 38], ["id", 32], ["id", 12], ["id", 10], ["id", 8], ["id", 5], ["id", 6]]
  ↳ app/controllers/messages_controller.rb:38
[active_model_serializers] Rendered ActiveModel::Serializer::CollectionSerializer with ActiveModelSerializers::Adapter::Attributes (17.76ms)
Completed 200 OK in 36ms (Views: 31.6ms | ActiveRecord: 3.0ms)


Started POST "/messages" for 127.0.0.1 at 2018-08-19 16:48:48 -0400
Processing by MessagesController#create as JSON
  Parameters: {"message"=>{"content"=>"test 2", "sender_attributes"=>{"name"=>""}, "recipient_attributes"=>{"name"=>""}}}
  [1m[36mUser Load (8.5ms)[0m  [1m[34mSELECT  "users".* FROM "users" WHERE "users"."name" = $1 LIMIT $2[0m  [["name", ""], ["LIMIT", 1]]
  ↳ app/models/message.rb:14
  [1m[35m (0.9ms)[0m  [1m[35mBEGIN[0m
  ↳ app/models/message.rb:14
  [1m[35m (0.5ms)[0m  [1m[31mROLLBACK[0m
  ↳ app/models/message.rb:14
  [1m[36mUser Load (0.6ms)[0m  [1m[34mSELECT  "users".* FROM "users" WHERE "users"."name" = $1 LIMIT $2[0m  [["name", ""], ["LIMIT", 1]]
  ↳ app/models/message.rb:19
  [1m[35m (0.2ms)[0m  [1m[35mBEGIN[0m
  ↳ app/models/message.rb:19
  [1m[35m (0.3ms)[0m  [1m[31mROLLBACK[0m
  ↳ app/models/message.rb:19
  [1m[35m (0.2ms)[0m  [1m[35mBEGIN[0m
  ↳ app/controllers/messages_controller.rb:10
  [1m[36mMessage Create (6.8ms)[0m  [1m[32mINSERT INTO "messages" ("content", "created_at", "updated_at") VALUES ($1, $2, $3) RETURNING "id"[0m  [["content", "test 2"], ["created_at", "2018-08-19 20:48:48.082509"], ["updated_at", "2018-08-19 20:48:48.082509"]]
  ↳ app/controllers/messages_controller.rb:10
  [1m[35m (6.3ms)[0m  [1m[35mCOMMIT[0m
  ↳ app/controllers/messages_controller.rb:10
[active_model_serializers] Rendered MessageSerializer with ActiveModelSerializers::Adapter::Attributes (1.4ms)
Completed 200 OK in 76ms (Views: 2.9ms | ActiveRecord: 24.1ms)


Started GET "/messages/most_recent" for 127.0.0.1 at 2018-08-19 16:49:07 -0400
Processing by MessagesController#most_recent as */*
  [1m[36mMessage Load (6.3ms)[0m  [1m[34mSELECT "messages".* FROM "messages" ORDER BY created_at DESC[0m
  ↳ app/controllers/messages_controller.rb:38
  [1m[36mUser Load (6.2ms)[0m  [1m[34mSELECT "users".* FROM "users" WHERE "users"."id" IN ($1, $2, $3, $4, $5, $6, $7, $8, $9, $10, $11, $12, $13)[0m  [["id", 37], ["id", 34], ["id", 31], ["id", 30], ["id", 23], ["id", 15], ["id", 14], ["id", 13], ["id", 11], ["id", 9], ["id", 7], ["id", 3], ["id", 5]]
  ↳ app/controllers/messages_controller.rb:38
  [1m[36mUser Load (0.6ms)[0m  [1m[34mSELECT "users".* FROM "users" WHERE "users"."id" IN ($1, $2, $3, $4, $5, $6, $7)[0m  [["id", 38], ["id", 32], ["id", 12], ["id", 10], ["id", 8], ["id", 5], ["id", 6]]
  ↳ app/controllers/messages_controller.rb:38
[active_model_serializers] Rendered ActiveModel::Serializer::CollectionSerializer with ActiveModelSerializers::Adapter::Attributes (22.88ms)
Completed 200 OK in 54ms (Views: 41.0ms | ActiveRecord: 13.0ms)


Started GET "/messages/most_recent" for 127.0.0.1 at 2018-08-19 16:49:13 -0400
Processing by MessagesController#most_recent as */*
  [1m[36mMessage Load (0.7ms)[0m  [1m[34mSELECT "messages".* FROM "messages" ORDER BY created_at DESC[0m
  ↳ app/controllers/messages_controller.rb:38
  [1m[36mUser Load (6.3ms)[0m  [1m[34mSELECT "users".* FROM "users" WHERE "users"."id" IN ($1, $2, $3, $4, $5, $6, $7, $8, $9, $10, $11, $12, $13)[0m  [["id", 37], ["id", 34], ["id", 31], ["id", 30], ["id", 23], ["id", 15], ["id", 14], ["id", 13], ["id", 11], ["id", 9], ["id", 7], ["id", 3], ["id", 5]]
  ↳ app/controllers/messages_controller.rb:38
  [1m[36mUser Load (0.6ms)[0m  [1m[34mSELECT "users".* FROM "users" WHERE "users"."id" IN ($1, $2, $3, $4, $5, $6, $7)[0m  [["id", 38], ["id", 32], ["id", 12], ["id", 10], ["id", 8], ["id", 5], ["id", 6]]
  ↳ app/controllers/messages_controller.rb:38
[active_model_serializers] Rendered ActiveModel::Serializer::CollectionSerializer with ActiveModelSerializers::Adapter::Attributes (21.04ms)
Completed 200 OK in 46ms (Views: 37.3ms | ActiveRecord: 7.7ms)


Started GET "/messages/most_recent" for 127.0.0.1 at 2018-08-19 16:49:36 -0400
Processing by MessagesController#most_recent as */*
  [1m[36mMessage Load (0.6ms)[0m  [1m[34mSELECT "messages".* FROM "messages" ORDER BY created_at DESC[0m
  ↳ app/controllers/messages_controller.rb:38
  [1m[36mUser Load (0.6ms)[0m  [1m[34mSELECT "users".* FROM "users" WHERE "users"."id" IN ($1, $2, $3, $4, $5, $6, $7, $8, $9, $10, $11, $12, $13)[0m  [["id", 37], ["id", 34], ["id", 31], ["id", 30], ["id", 23], ["id", 15], ["id", 14], ["id", 13], ["id", 11], ["id", 9], ["id", 7], ["id", 3], ["id", 5]]
  ↳ app/controllers/messages_controller.rb:38
  [1m[36mUser Load (6.2ms)[0m  [1m[34mSELECT "users".* FROM "users" WHERE "users"."id" IN ($1, $2, $3, $4, $5, $6, $7)[0m  [["id", 38], ["id", 32], ["id", 12], ["id", 10], ["id", 8], ["id", 5], ["id", 6]]
  ↳ app/controllers/messages_controller.rb:38
[active_model_serializers] Rendered ActiveModel::Serializer::CollectionSerializer with ActiveModelSerializers::Adapter::Attributes (24.04ms)
Completed 200 OK in 49ms (Views: 40.5ms | ActiveRecord: 7.5ms)


Started POST "/messages" for 127.0.0.1 at 2018-08-19 16:49:45 -0400
Processing by MessagesController#create as JSON
  Parameters: {"message"=>{"content"=>"test 4", "sender_attributes"=>{"name"=>""}, "recipient_attributes"=>{"name"=>""}}}
  [1m[36mUser Load (0.7ms)[0m  [1m[34mSELECT  "users".* FROM "users" WHERE "users"."name" = $1 LIMIT $2[0m  [["name", ""], ["LIMIT", 1]]
  ↳ app/models/message.rb:14
  [1m[35m (4.8ms)[0m  [1m[35mBEGIN[0m
  ↳ app/models/message.rb:14
  [1m[35m (3.5ms)[0m  [1m[31mROLLBACK[0m
  ↳ app/models/message.rb:14
  [1m[36mUser Load (15.9ms)[0m  [1m[34mSELECT  "users".* FROM "users" WHERE "users"."name" = $1 LIMIT $2[0m  [["name", ""], ["LIMIT", 1]]
  ↳ app/models/message.rb:19
  [1m[35m (0.7ms)[0m  [1m[35mBEGIN[0m
  ↳ app/models/message.rb:19
  [1m[35m (0.5ms)[0m  [1m[31mROLLBACK[0m
  ↳ app/models/message.rb:19
  [1m[35m (0.3ms)[0m  [1m[35mBEGIN[0m
  ↳ app/controllers/messages_controller.rb:10
  [1m[36mMessage Create (1.2ms)[0m  [1m[32mINSERT INTO "messages" ("content", "created_at", "updated_at") VALUES ($1, $2, $3) RETURNING "id"[0m  [["content", "test 4"], ["created_at", "2018-08-19 20:49:45.513023"], ["updated_at", "2018-08-19 20:49:45.513023"]]
  ↳ app/controllers/messages_controller.rb:10
  [1m[35m (5.7ms)[0m  [1m[35mCOMMIT[0m
  ↳ app/controllers/messages_controller.rb:10
[active_model_serializers] Rendered MessageSerializer with ActiveModelSerializers::Adapter::Attributes (2.25ms)
Completed 200 OK in 69ms (Views: 3.1ms | ActiveRecord: 33.3ms)


Started GET "/messages/most_recent" for 127.0.0.1 at 2018-08-19 16:50:48 -0400
Processing by MessagesController#most_recent as */*
  [1m[36mMessage Load (6.0ms)[0m  [1m[34mSELECT "messages".* FROM "messages" ORDER BY created_at DESC[0m
  ↳ app/controllers/messages_controller.rb:38
  [1m[36mUser Load (0.6ms)[0m  [1m[34mSELECT "users".* FROM "users" WHERE "users"."id" IN ($1, $2, $3, $4, $5, $6, $7, $8, $9, $10, $11, $12, $13)[0m  [["id", 37], ["id", 34], ["id", 31], ["id", 30], ["id", 23], ["id", 15], ["id", 14], ["id", 13], ["id", 11], ["id", 9], ["id", 7], ["id", 3], ["id", 5]]
  ↳ app/controllers/messages_controller.rb:38
  [1m[36mUser Load (16.1ms)[0m  [1m[34mSELECT "users".* FROM "users" WHERE "users"."id" IN ($1, $2, $3, $4, $5, $6, $7)[0m  [["id", 38], ["id", 32], ["id", 12], ["id", 10], ["id", 8], ["id", 5], ["id", 6]]
  ↳ app/controllers/messages_controller.rb:38
[active_model_serializers] Rendered ActiveModel::Serializer::CollectionSerializer with ActiveModelSerializers::Adapter::Attributes (67.0ms)
Completed 200 OK in 143ms (Views: 114.6ms | ActiveRecord: 22.6ms)


Started GET "/messages/most_recent" for 127.0.0.1 at 2018-08-19 16:51:02 -0400
Processing by MessagesController#most_recent as */*
  [1m[36mMessage Load (1.5ms)[0m  [1m[34mSELECT "messages".* FROM "messages" ORDER BY created_at DESC[0m
  ↳ app/controllers/messages_controller.rb:38
  [1m[36mUser Load (0.6ms)[0m  [1m[34mSELECT "users".* FROM "users" WHERE "users"."id" IN ($1, $2, $3, $4, $5, $6, $7, $8, $9, $10, $11, $12, $13)[0m  [["id", 37], ["id", 34], ["id", 31], ["id", 30], ["id", 23], ["id", 15], ["id", 14], ["id", 13], ["id", 11], ["id", 9], ["id", 7], ["id", 3], ["id", 5]]
  ↳ app/controllers/messages_controller.rb:38
  [1m[36mUser Load (0.4ms)[0m  [1m[34mSELECT "users".* FROM "users" WHERE "users"."id" IN ($1, $2, $3, $4, $5, $6, $7)[0m  [["id", 38], ["id", 32], ["id", 12], ["id", 10], ["id", 8], ["id", 5], ["id", 6]]
  ↳ app/controllers/messages_controller.rb:38
[active_model_serializers] Rendered ActiveModel::Serializer::CollectionSerializer with ActiveModelSerializers::Adapter::Attributes (14.14ms)
Completed 200 OK in 126ms (Views: 121.7ms | ActiveRecord: 2.4ms)


Started GET "/messages/most_recent" for 127.0.0.1 at 2018-08-19 16:51:23 -0400
Processing by MessagesController#most_recent as */*
  [1m[36mMessage Load (0.6ms)[0m  [1m[34mSELECT "messages".* FROM "messages" ORDER BY created_at DESC[0m
  ↳ app/controllers/messages_controller.rb:38
  [1m[36mUser Load (0.8ms)[0m  [1m[34mSELECT "users".* FROM "users" WHERE "users"."id" IN ($1, $2, $3, $4, $5, $6, $7, $8, $9, $10, $11, $12, $13)[0m  [["id", 37], ["id", 34], ["id", 31], ["id", 30], ["id", 23], ["id", 15], ["id", 14], ["id", 13], ["id", 11], ["id", 9], ["id", 7], ["id", 3], ["id", 5]]
  ↳ app/controllers/messages_controller.rb:38
  [1m[36mUser Load (20.7ms)[0m  [1m[34mSELECT "users".* FROM "users" WHERE "users"."id" IN ($1, $2, $3, $4, $5, $6, $7)[0m  [["id", 38], ["id", 32], ["id", 12], ["id", 10], ["id", 8], ["id", 5], ["id", 6]]
  ↳ app/controllers/messages_controller.rb:38
[active_model_serializers] Rendered ActiveModel::Serializer::CollectionSerializer with ActiveModelSerializers::Adapter::Attributes (26.71ms)
Completed 200 OK in 74ms (Views: 47.6ms | ActiveRecord: 22.1ms)


Started GET "/messages/most_recent" for 127.0.0.1 at 2018-08-19 16:51:33 -0400
Processing by MessagesController#most_recent as */*
  [1m[36mMessage Load (0.5ms)[0m  [1m[34mSELECT "messages".* FROM "messages" ORDER BY created_at DESC[0m
  ↳ app/controllers/messages_controller.rb:38
  [1m[36mUser Load (0.4ms)[0m  [1m[34mSELECT "users".* FROM "users" WHERE "users"."id" IN ($1, $2, $3, $4, $5, $6, $7, $8, $9, $10, $11, $12, $13)[0m  [["id", 37], ["id", 34], ["id", 31], ["id", 30], ["id", 23], ["id", 15], ["id", 14], ["id", 13], ["id", 11], ["id", 9], ["id", 7], ["id", 3], ["id", 5]]
  ↳ app/controllers/messages_controller.rb:38
  [1m[36mUser Load (6.0ms)[0m  [1m[34mSELECT "users".* FROM "users" WHERE "users"."id" IN ($1, $2, $3, $4, $5, $6, $7)[0m  [["id", 38], ["id", 32], ["id", 12], ["id", 10], ["id", 8], ["id", 5], ["id", 6]]
  ↳ app/controllers/messages_controller.rb:38
[active_model_serializers] Rendered ActiveModel::Serializer::CollectionSerializer with ActiveModelSerializers::Adapter::Attributes (22.29ms)
Completed 200 OK in 39ms (Views: 31.6ms | ActiveRecord: 6.9ms)


Started GET "/messages/most_recent" for 127.0.0.1 at 2018-08-19 16:51:44 -0400
Processing by MessagesController#most_recent as */*
  [1m[36mMessage Load (1.5ms)[0m  [1m[34mSELECT "messages".* FROM "messages" ORDER BY created_at DESC[0m
  ↳ app/controllers/messages_controller.rb:38
  [1m[36mUser Load (2.5ms)[0m  [1m[34mSELECT "users".* FROM "users" WHERE "users"."id" IN ($1, $2, $3, $4, $5, $6, $7, $8, $9, $10, $11, $12, $13)[0m  [["id", 37], ["id", 34], ["id", 31], ["id", 30], ["id", 23], ["id", 15], ["id", 14], ["id", 13], ["id", 11], ["id", 9], ["id", 7], ["id", 3], ["id", 5]]
  ↳ app/controllers/messages_controller.rb:38
  [1m[36mUser Load (7.9ms)[0m  [1m[34mSELECT "users".* FROM "users" WHERE "users"."id" IN ($1, $2, $3, $4, $5, $6, $7)[0m  [["id", 38], ["id", 32], ["id", 12], ["id", 10], ["id", 8], ["id", 5], ["id", 6]]
  ↳ app/controllers/messages_controller.rb:38
[active_model_serializers] Rendered ActiveModel::Serializer::CollectionSerializer with ActiveModelSerializers::Adapter::Attributes (30.31ms)
Completed 200 OK in 72ms (Views: 58.5ms | ActiveRecord: 12.0ms)


Started DELETE "/messages/66" for 127.0.0.1 at 2018-08-19 16:54:05 -0400
Processing by MessagesController#destroy as */*
  Parameters: {"id"=>"66"}
  [1m[36mMessage Load (32.8ms)[0m  [1m[34mSELECT  "messages".* FROM "messages" WHERE "messages"."id" = $1 LIMIT $2[0m  [["id", 66], ["LIMIT", 1]]
  ↳ app/controllers/messages_controller.rb:48
  [1m[35m (0.2ms)[0m  [1m[35mBEGIN[0m
  ↳ app/controllers/messages_controller.rb:30
  [1m[36mMessage Destroy (34.2ms)[0m  [1m[31mDELETE FROM "messages" WHERE "messages"."id" = $1[0m  [["id", 66]]
  ↳ app/controllers/messages_controller.rb:30
  [1m[35m (11.5ms)[0m  [1m[35mCOMMIT[0m
  ↳ app/controllers/messages_controller.rb:30
[active_model_serializers] Rendered ActiveModel::Serializer::Null with Hash (0.25ms)
Completed 204 No Content in 261ms (Views: 136.4ms | ActiveRecord: 100.4ms)


Started DELETE "/messages/65" for 127.0.0.1 at 2018-08-19 16:54:08 -0400
Processing by MessagesController#destroy as */*
  Parameters: {"id"=>"65"}
  [1m[36mMessage Load (0.5ms)[0m  [1m[34mSELECT  "messages".* FROM "messages" WHERE "messages"."id" = $1 LIMIT $2[0m  [["id", 65], ["LIMIT", 1]]
  ↳ app/controllers/messages_controller.rb:48
  [1m[35m (0.2ms)[0m  [1m[35mBEGIN[0m
  ↳ app/controllers/messages_controller.rb:30
  [1m[36mMessage Destroy (0.5ms)[0m  [1m[31mDELETE FROM "messages" WHERE "messages"."id" = $1[0m  [["id", 65]]
  ↳ app/controllers/messages_controller.rb:30
  [1m[35m (5.7ms)[0m  [1m[35mCOMMIT[0m
  ↳ app/controllers/messages_controller.rb:30
[active_model_serializers] Rendered ActiveModel::Serializer::Null with Hash (1.73ms)
Completed 204 No Content in 15ms (Views: 2.8ms | ActiveRecord: 7.0ms)


Started DELETE "/messages/64" for 127.0.0.1 at 2018-08-19 16:54:11 -0400
Processing by MessagesController#destroy as */*
  Parameters: {"id"=>"64"}
  [1m[36mMessage Load (0.4ms)[0m  [1m[34mSELECT  "messages".* FROM "messages" WHERE "messages"."id" = $1 LIMIT $2[0m  [["id", 64], ["LIMIT", 1]]
  ↳ app/controllers/messages_controller.rb:48
  [1m[35m (0.2ms)[0m  [1m[35mBEGIN[0m
  ↳ app/controllers/messages_controller.rb:30
  [1m[36mMessage Destroy (0.6ms)[0m  [1m[31mDELETE FROM "messages" WHERE "messages"."id" = $1[0m  [["id", 64]]
  ↳ app/controllers/messages_controller.rb:30
  [1m[35m (6.5ms)[0m  [1m[35mCOMMIT[0m
  ↳ app/controllers/messages_controller.rb:30
[active_model_serializers] Rendered ActiveModel::Serializer::Null with Hash (0.07ms)
Completed 204 No Content in 15ms (Views: 0.9ms | ActiveRecord: 7.7ms)


Started POST "/messages" for 127.0.0.1 at 2018-08-19 16:54:18 -0400
Processing by MessagesController#create as JSON
  Parameters: {"message"=>{"content"=>"test", "sender_attributes"=>{"name"=>""}, "recipient_attributes"=>{"name"=>""}}}
  [1m[36mUser Load (0.5ms)[0m  [1m[34mSELECT  "users".* FROM "users" WHERE "users"."name" = $1 LIMIT $2[0m  [["name", ""], ["LIMIT", 1]]
  ↳ app/models/message.rb:14
  [1m[35m (0.2ms)[0m  [1m[35mBEGIN[0m
  ↳ app/models/message.rb:14
  [1m[35m (0.2ms)[0m  [1m[31mROLLBACK[0m
  ↳ app/models/message.rb:14
  [1m[36mUser Load (1.1ms)[0m  [1m[34mSELECT  "users".* FROM "users" WHERE "users"."name" = $1 LIMIT $2[0m  [["name", ""], ["LIMIT", 1]]
  ↳ app/models/message.rb:19
  [1m[35m (0.5ms)[0m  [1m[35mBEGIN[0m
  ↳ app/models/message.rb:19
  [1m[35m (0.2ms)[0m  [1m[31mROLLBACK[0m
  ↳ app/models/message.rb:19
  [1m[35m (0.2ms)[0m  [1m[35mBEGIN[0m
  ↳ app/controllers/messages_controller.rb:10
  [1m[36mMessage Create (0.7ms)[0m  [1m[32mINSERT INTO "messages" ("content", "created_at", "updated_at") VALUES ($1, $2, $3) RETURNING "id"[0m  [["content", "test"], ["created_at", "2018-08-19 20:54:18.561610"], ["updated_at", "2018-08-19 20:54:18.561610"]]
  ↳ app/controllers/messages_controller.rb:10
  [1m[35m (7.1ms)[0m  [1m[35mCOMMIT[0m
  ↳ app/controllers/messages_controller.rb:10
[active_model_serializers] Rendered MessageSerializer with ActiveModelSerializers::Adapter::Attributes (4.76ms)
Completed 200 OK in 47ms (Views: 6.2ms | ActiveRecord: 10.6ms)


Started GET "/messages/most_recent" for 127.0.0.1 at 2018-08-19 16:54:18 -0400
Processing by MessagesController#most_recent as */*
  [1m[36mMessage Load (1.3ms)[0m  [1m[34mSELECT "messages".* FROM "messages" ORDER BY created_at DESC[0m
  ↳ app/controllers/messages_controller.rb:38
  [1m[36mUser Load (1.1ms)[0m  [1m[34mSELECT "users".* FROM "users" WHERE "users"."id" IN ($1, $2, $3, $4, $5, $6, $7, $8, $9, $10, $11, $12, $13)[0m  [["id", 37], ["id", 34], ["id", 31], ["id", 30], ["id", 23], ["id", 15], ["id", 14], ["id", 13], ["id", 11], ["id", 9], ["id", 7], ["id", 3], ["id", 5]]
  ↳ app/controllers/messages_controller.rb:38
  [1m[36mUser Load (1.3ms)[0m  [1m[34mSELECT "users".* FROM "users" WHERE "users"."id" IN ($1, $2, $3, $4, $5, $6, $7)[0m  [["id", 38], ["id", 32], ["id", 12], ["id", 10], ["id", 8], ["id", 5], ["id", 6]]
  ↳ app/controllers/messages_controller.rb:38
[active_model_serializers] Rendered ActiveModel::Serializer::CollectionSerializer with ActiveModelSerializers::Adapter::Attributes (44.93ms)
Completed 200 OK in 79ms (Views: 74.7ms | ActiveRecord: 3.7ms)


Started DELETE "/messages/67" for 127.0.0.1 at 2018-08-19 17:16:08 -0400
  [1m[35m (1.8ms)[0m  [1m[34mSELECT "schema_migrations"."version" FROM "schema_migrations" ORDER BY "schema_migrations"."version" ASC[0m
  ↳ /Users/marynaulasava/.rvm/gems/ruby-2.3.3/gems/activerecord-5.2.0/lib/active_record/log_subscriber.rb:98
Processing by MessagesController#destroy as */*
  Parameters: {"id"=>"67"}
  [1m[36mMessage Load (17.7ms)[0m  [1m[34mSELECT  "messages".* FROM "messages" WHERE "messages"."id" = $1 LIMIT $2[0m  [["id", 67], ["LIMIT", 1]]
  ↳ app/controllers/messages_controller.rb:48
  [1m[35m (0.2ms)[0m  [1m[35mBEGIN[0m
  ↳ app/controllers/messages_controller.rb:30
  [1m[36mMessage Destroy (27.9ms)[0m  [1m[31mDELETE FROM "messages" WHERE "messages"."id" = $1[0m  [["id", 67]]
  ↳ app/controllers/messages_controller.rb:30
  [1m[35m (278.3ms)[0m  [1m[35mCOMMIT[0m
  ↳ app/controllers/messages_controller.rb:30
[active_model_serializers] Rendered ActiveModel::Serializer::Null with Hash (0.17ms)
Completed 204 No Content in 381ms (Views: 6.3ms | ActiveRecord: 356.0ms)


Started DELETE "/messages/67" for 127.0.0.1 at 2018-08-19 17:16:09 -0400
Processing by MessagesController#destroy as */*
  Parameters: {"id"=>"67"}
  [1m[36mMessage Load (2.1ms)[0m  [1m[34mSELECT  "messages".* FROM "messages" WHERE "messages"."id" = $1 LIMIT $2[0m  [["id", 67], ["LIMIT", 1]]
  ↳ app/controllers/messages_controller.rb:48
Completed 404 Not Found in 4ms (ActiveRecord: 2.1ms)


  
ActiveRecord::RecordNotFound (Couldn't find Message with 'id'=67):
  
app/controllers/messages_controller.rb:48:in `set_message'
Started GET "/messages/most_recent" for 127.0.0.1 at 2018-08-19 17:16:10 -0400
Processing by MessagesController#most_recent as */*
  [1m[36mMessage Load (1.3ms)[0m  [1m[34mSELECT "messages".* FROM "messages" ORDER BY created_at DESC[0m
  ↳ app/controllers/messages_controller.rb:38
  [1m[36mUser Load (4.8ms)[0m  [1m[34mSELECT "users".* FROM "users" WHERE "users"."id" IN ($1, $2, $3, $4, $5, $6, $7, $8, $9, $10, $11, $12, $13)[0m  [["id", 37], ["id", 34], ["id", 31], ["id", 30], ["id", 23], ["id", 15], ["id", 14], ["id", 13], ["id", 11], ["id", 9], ["id", 7], ["id", 3], ["id", 5]]
  ↳ app/controllers/messages_controller.rb:38
  [1m[36mUser Load (1.4ms)[0m  [1m[34mSELECT "users".* FROM "users" WHERE "users"."id" IN ($1, $2, $3, $4, $5, $6, $7)[0m  [["id", 38], ["id", 32], ["id", 12], ["id", 10], ["id", 8], ["id", 5], ["id", 6]]
  ↳ app/controllers/messages_controller.rb:38
[active_model_serializers] Rendered ActiveModel::Serializer::CollectionSerializer with ActiveModelSerializers::Adapter::Attributes (37.61ms)
Completed 200 OK in 165ms (Views: 101.3ms | ActiveRecord: 63.1ms)


Started DELETE "/messages/undefined" for 127.0.0.1 at 2018-08-19 17:16:13 -0400
Processing by MessagesController#destroy as */*
  Parameters: {"id"=>"undefined"}
  [1m[36mMessage Load (0.6ms)[0m  [1m[34mSELECT  "messages".* FROM "messages" WHERE "messages"."id" = $1 LIMIT $2[0m  [["id", 0], ["LIMIT", 1]]
  ↳ app/controllers/messages_controller.rb:48
Completed 404 Not Found in 2ms (ActiveRecord: 0.6ms)


  
ActiveRecord::RecordNotFound (Couldn't find Message with 'id'=undefined):
  
app/controllers/messages_controller.rb:48:in `set_message'
Started POST "/messages" for 127.0.0.1 at 2018-08-19 17:16:24 -0400
Processing by MessagesController#create as JSON
  Parameters: {"message"=>{"content"=>"The simplification of anything is always sensational. ", "sender_attributes"=>{"name"=>"G.K. Chesterton"}, "recipient_attributes"=>{"name"=>""}}}
  [1m[36mUser Load (9.5ms)[0m  [1m[34mSELECT  "users".* FROM "users" WHERE "users"."name" = $1 LIMIT $2[0m  [["name", "G.K. Chesterton"], ["LIMIT", 1]]
  ↳ app/models/message.rb:14
  [1m[35m (0.3ms)[0m  [1m[35mBEGIN[0m
  ↳ app/models/message.rb:14
  [1m[36mUser Create (7.7ms)[0m  [1m[32mINSERT INTO "users" ("name", "created_at", "updated_at") VALUES ($1, $2, $3) RETURNING "id"[0m  [["name", "G.K. Chesterton"], ["created_at", "2018-08-19 21:16:24.075844"], ["updated_at", "2018-08-19 21:16:24.075844"]]
  ↳ app/models/message.rb:14
  [1m[35m (0.7ms)[0m  [1m[35mCOMMIT[0m
  ↳ app/models/message.rb:14
  [1m[36mUser Load (2.2ms)[0m  [1m[34mSELECT  "users".* FROM "users" WHERE "users"."name" = $1 LIMIT $2[0m  [["name", ""], ["LIMIT", 1]]
  ↳ app/models/message.rb:19
  [1m[35m (0.6ms)[0m  [1m[35mBEGIN[0m
  ↳ app/models/message.rb:19
  [1m[35m (0.3ms)[0m  [1m[31mROLLBACK[0m
  ↳ app/models/message.rb:19
  [1m[35m (0.3ms)[0m  [1m[35mBEGIN[0m
  ↳ app/controllers/messages_controller.rb:10
  [1m[36mMessage Create (17.3ms)[0m  [1m[32mINSERT INTO "messages" ("content", "sender_id", "created_at", "updated_at") VALUES ($1, $2, $3, $4) RETURNING "id"[0m  [["content", "The simplification of anything is always sensational. "], ["sender_id", 39], ["created_at", "2018-08-19 21:16:24.111899"], ["updated_at", "2018-08-19 21:16:24.111899"]]
  ↳ app/controllers/messages_controller.rb:10
  [1m[35m (5.8ms)[0m  [1m[35mCOMMIT[0m
  ↳ app/controllers/messages_controller.rb:10
[active_model_serializers] Rendered MessageSerializer with ActiveModelSerializers::Adapter::Attributes (1.49ms)
Completed 200 OK in 90ms (Views: 3.0ms | ActiveRecord: 44.7ms)


Started GET "/messages/most_recent" for 127.0.0.1 at 2018-08-19 17:16:24 -0400
Processing by MessagesController#most_recent as */*
  [1m[36mMessage Load (2.5ms)[0m  [1m[34mSELECT "messages".* FROM "messages" ORDER BY created_at DESC[0m
  ↳ app/controllers/messages_controller.rb:38
  [1m[36mUser Load (1.0ms)[0m  [1m[34mSELECT "users".* FROM "users" WHERE "users"."id" IN ($1, $2, $3, $4, $5, $6, $7, $8, $9, $10, $11, $12, $13, $14)[0m  [["id", 39], ["id", 37], ["id", 34], ["id", 31], ["id", 30], ["id", 23], ["id", 15], ["id", 14], ["id", 13], ["id", 11], ["id", 9], ["id", 7], ["id", 3], ["id", 5]]
  ↳ app/controllers/messages_controller.rb:38
  [1m[36mUser Load (0.8ms)[0m  [1m[34mSELECT "users".* FROM "users" WHERE "users"."id" IN ($1, $2, $3, $4, $5, $6, $7)[0m  [["id", 38], ["id", 32], ["id", 12], ["id", 10], ["id", 8], ["id", 5], ["id", 6]]
  ↳ app/controllers/messages_controller.rb:38
[active_model_serializers] Rendered ActiveModel::Serializer::CollectionSerializer with ActiveModelSerializers::Adapter::Attributes (14.86ms)
Completed 200 OK in 33ms (Views: 26.9ms | ActiveRecord: 4.4ms)


Started GET "/messages/most_recent" for 127.0.0.1 at 2018-08-19 22:18:47 -0400
  [1m[35m (7.5ms)[0m  [1m[34mSELECT "schema_migrations"."version" FROM "schema_migrations" ORDER BY "schema_migrations"."version" ASC[0m
  ↳ /Users/marynaulasava/.rvm/gems/ruby-2.3.3/gems/activerecord-5.2.0/lib/active_record/log_subscriber.rb:98
Processing by MessagesController#most_recent as */*
  [1m[36mMessage Load (46.2ms)[0m  [1m[34mSELECT "messages".* FROM "messages" ORDER BY created_at DESC[0m
  ↳ app/controllers/messages_controller.rb:38
  [1m[36mUser Load (22.4ms)[0m  [1m[34mSELECT "users".* FROM "users" WHERE "users"."id" IN ($1, $2, $3, $4, $5, $6, $7, $8, $9, $10, $11, $12, $13, $14)[0m  [["id", 39], ["id", 37], ["id", 34], ["id", 31], ["id", 30], ["id", 23], ["id", 15], ["id", 14], ["id", 13], ["id", 11], ["id", 9], ["id", 7], ["id", 3], ["id", 5]]
  ↳ app/controllers/messages_controller.rb:38
  [1m[36mUser Load (0.5ms)[0m  [1m[34mSELECT "users".* FROM "users" WHERE "users"."id" IN ($1, $2, $3, $4, $5, $6, $7)[0m  [["id", 38], ["id", 32], ["id", 12], ["id", 10], ["id", 8], ["id", 5], ["id", 6]]
  ↳ app/controllers/messages_controller.rb:38
[active_model_serializers] Rendered ActiveModel::Serializer::CollectionSerializer with ActiveModelSerializers::Adapter::Attributes (30.77ms)
Completed 200 OK in 258ms (Views: 119.8ms | ActiveRecord: 120.5ms)


Started GET "/messages/most_recent" for 127.0.0.1 at 2018-08-19 22:20:07 -0400
Processing by MessagesController#most_recent as */*
  [1m[36mMessage Load (1.3ms)[0m  [1m[34mSELECT "messages".* FROM "messages" ORDER BY created_at DESC[0m
  ↳ app/controllers/messages_controller.rb:38
  [1m[36mUser Load (1.1ms)[0m  [1m[34mSELECT "users".* FROM "users" WHERE "users"."id" IN ($1, $2, $3, $4, $5, $6, $7, $8, $9, $10, $11, $12, $13, $14)[0m  [["id", 39], ["id", 37], ["id", 34], ["id", 31], ["id", 30], ["id", 23], ["id", 15], ["id", 14], ["id", 13], ["id", 11], ["id", 9], ["id", 7], ["id", 3], ["id", 5]]
  ↳ app/controllers/messages_controller.rb:38
  [1m[36mUser Load (0.5ms)[0m  [1m[34mSELECT "users".* FROM "users" WHERE "users"."id" IN ($1, $2, $3, $4, $5, $6, $7)[0m  [["id", 38], ["id", 32], ["id", 12], ["id", 10], ["id", 8], ["id", 5], ["id", 6]]
  ↳ app/controllers/messages_controller.rb:38
[active_model_serializers] Rendered ActiveModel::Serializer::CollectionSerializer with ActiveModelSerializers::Adapter::Attributes (15.12ms)
Completed 200 OK in 27ms (Views: 23.4ms | ActiveRecord: 2.9ms)


Started GET "/messages/most_recent" for 127.0.0.1 at 2018-08-19 22:21:40 -0400
Processing by MessagesController#most_recent as */*
  [1m[36mMessage Load (0.6ms)[0m  [1m[34mSELECT "messages".* FROM "messages" ORDER BY created_at DESC[0m
  ↳ app/controllers/messages_controller.rb:38
  [1m[36mUser Load (0.5ms)[0m  [1m[34mSELECT "users".* FROM "users" WHERE "users"."id" IN ($1, $2, $3, $4, $5, $6, $7, $8, $9, $10, $11, $12, $13, $14)[0m  [["id", 39], ["id", 37], ["id", 34], ["id", 31], ["id", 30], ["id", 23], ["id", 15], ["id", 14], ["id", 13], ["id", 11], ["id", 9], ["id", 7], ["id", 3], ["id", 5]]
  ↳ app/controllers/messages_controller.rb:38
  [1m[36mUser Load (0.5ms)[0m  [1m[34mSELECT "users".* FROM "users" WHERE "users"."id" IN ($1, $2, $3, $4, $5, $6, $7)[0m  [["id", 38], ["id", 32], ["id", 12], ["id", 10], ["id", 8], ["id", 5], ["id", 6]]
  ↳ app/controllers/messages_controller.rb:38
[active_model_serializers] Rendered ActiveModel::Serializer::CollectionSerializer with ActiveModelSerializers::Adapter::Attributes (10.69ms)
Completed 200 OK in 20ms (Views: 17.9ms | ActiveRecord: 1.6ms)


Started GET "/messages/most_recent" for 127.0.0.1 at 2018-08-19 22:21:45 -0400
Processing by MessagesController#most_recent as */*
  [1m[36mMessage Load (9.2ms)[0m  [1m[34mSELECT "messages".* FROM "messages" ORDER BY created_at DESC[0m
  ↳ app/controllers/messages_controller.rb:38
  [1m[36mUser Load (1.4ms)[0m  [1m[34mSELECT "users".* FROM "users" WHERE "users"."id" IN ($1, $2, $3, $4, $5, $6, $7, $8, $9, $10, $11, $12, $13, $14)[0m  [["id", 39], ["id", 37], ["id", 34], ["id", 31], ["id", 30], ["id", 23], ["id", 15], ["id", 14], ["id", 13], ["id", 11], ["id", 9], ["id", 7], ["id", 3], ["id", 5]]
  ↳ app/controllers/messages_controller.rb:38
  [1m[36mUser Load (0.5ms)[0m  [1m[34mSELECT "users".* FROM "users" WHERE "users"."id" IN ($1, $2, $3, $4, $5, $6, $7)[0m  [["id", 38], ["id", 32], ["id", 12], ["id", 10], ["id", 8], ["id", 5], ["id", 6]]
  ↳ app/controllers/messages_controller.rb:38
[active_model_serializers] Rendered ActiveModel::Serializer::CollectionSerializer with ActiveModelSerializers::Adapter::Attributes (15.25ms)
Completed 200 OK in 37ms (Views: 25.1ms | ActiveRecord: 11.1ms)


Started GET "/messages/most_recent" for 127.0.0.1 at 2018-08-20 17:50:56 -0400
  [1m[35m (2.1ms)[0m  [1m[34mSELECT "schema_migrations"."version" FROM "schema_migrations" ORDER BY "schema_migrations"."version" ASC[0m
  ↳ /Users/marynaulasava/.rvm/gems/ruby-2.3.3/gems/activerecord-5.2.0/lib/active_record/log_subscriber.rb:98
Processing by MessagesController#most_recent as */*
  [1m[36mMessage Load (24.4ms)[0m  [1m[34mSELECT "messages".* FROM "messages" ORDER BY created_at DESC[0m
  ↳ app/controllers/messages_controller.rb:38
  [1m[36mUser Load (8.4ms)[0m  [1m[34mSELECT "users".* FROM "users" WHERE "users"."id" IN ($1, $2, $3, $4, $5, $6, $7, $8, $9, $10, $11, $12, $13, $14)[0m  [["id", 39], ["id", 37], ["id", 34], ["id", 31], ["id", 30], ["id", 23], ["id", 15], ["id", 14], ["id", 13], ["id", 11], ["id", 9], ["id", 7], ["id", 3], ["id", 5]]
  ↳ app/controllers/messages_controller.rb:38
  [1m[36mUser Load (0.4ms)[0m  [1m[34mSELECT "users".* FROM "users" WHERE "users"."id" IN ($1, $2, $3, $4, $5, $6, $7)[0m  [["id", 38], ["id", 32], ["id", 12], ["id", 10], ["id", 8], ["id", 5], ["id", 6]]
  ↳ app/controllers/messages_controller.rb:38
[active_model_serializers] Rendered ActiveModel::Serializer::CollectionSerializer with ActiveModelSerializers::Adapter::Attributes (38.0ms)
Completed 200 OK in 201ms (Views: 121.0ms | ActiveRecord: 72.8ms)


Started GET "/messages/most_recent" for 127.0.0.1 at 2018-08-20 18:18:21 -0400
  [1m[35m (7.0ms)[0m  [1m[34mSELECT "schema_migrations"."version" FROM "schema_migrations" ORDER BY "schema_migrations"."version" ASC[0m
  ↳ /Users/marynaulasava/.rvm/gems/ruby-2.3.3/gems/activerecord-5.2.0/lib/active_record/log_subscriber.rb:98
Processing by MessagesController#most_recent as */*
  [1m[36mMessage Load (1.4ms)[0m  [1m[34mSELECT "messages".* FROM "messages" ORDER BY created_at DESC[0m
  ↳ app/controllers/messages_controller.rb:38
  [1m[36mUser Load (1.2ms)[0m  [1m[34mSELECT "users".* FROM "users" WHERE "users"."id" IN ($1, $2, $3, $4, $5, $6, $7, $8, $9, $10, $11, $12, $13, $14)[0m  [["id", 39], ["id", 37], ["id", 34], ["id", 31], ["id", 30], ["id", 23], ["id", 15], ["id", 14], ["id", 13], ["id", 11], ["id", 9], ["id", 7], ["id", 3], ["id", 5]]
  ↳ app/controllers/messages_controller.rb:38
  [1m[36mUser Load (0.4ms)[0m  [1m[34mSELECT "users".* FROM "users" WHERE "users"."id" IN ($1, $2, $3, $4, $5, $6, $7)[0m  [["id", 38], ["id", 32], ["id", 12], ["id", 10], ["id", 8], ["id", 5], ["id", 6]]
  ↳ app/controllers/messages_controller.rb:38
[active_model_serializers] Rendered ActiveModel::Serializer::CollectionSerializer with ActiveModelSerializers::Adapter::Attributes (22.33ms)
Completed 200 OK in 90ms (Views: 68.9ms | ActiveRecord: 14.5ms)


Started POST "/messages" for 127.0.0.1 at 2018-08-20 18:19:19 -0400
Processing by MessagesController#create as JSON
  Parameters: {"message"=>{"content"=>"The destructuring assignment syntax is a JavaScript expression that makes it possible to unpack values from arrays, or properties from objects, into distinct variables.", "sender_attributes"=>{"name"=>""}, "recipient_attributes"=>{"name"=>""}}}
  [1m[36mUser Load (36.2ms)[0m  [1m[34mSELECT  "users".* FROM "users" WHERE "users"."name" = $1 LIMIT $2[0m  [["name", ""], ["LIMIT", 1]]
  ↳ app/models/message.rb:14
  [1m[35m (11.9ms)[0m  [1m[35mBEGIN[0m
  ↳ app/models/message.rb:14
  [1m[35m (11.2ms)[0m  [1m[31mROLLBACK[0m
  ↳ app/models/message.rb:14
  [1m[36mUser Load (0.6ms)[0m  [1m[34mSELECT  "users".* FROM "users" WHERE "users"."name" = $1 LIMIT $2[0m  [["name", ""], ["LIMIT", 1]]
  ↳ app/models/message.rb:19
  [1m[35m (0.6ms)[0m  [1m[35mBEGIN[0m
  ↳ app/models/message.rb:19
  [1m[35m (0.3ms)[0m  [1m[31mROLLBACK[0m
  ↳ app/models/message.rb:19
  [1m[35m (0.1ms)[0m  [1m[35mBEGIN[0m
  ↳ app/controllers/messages_controller.rb:10
  [1m[36mMessage Create (78.0ms)[0m  [1m[32mINSERT INTO "messages" ("content", "created_at", "updated_at") VALUES ($1, $2, $3) RETURNING "id"[0m  [["content", "The destructuring assignment syntax is a JavaScript expression that makes it possible to unpack values from arrays, or properties from objects, into distinct variables."], ["created_at", "2018-08-20 22:19:19.218104"], ["updated_at", "2018-08-20 22:19:19.218104"]]
  ↳ app/controllers/messages_controller.rb:10
  [1m[35m (108.8ms)[0m  [1m[35mCOMMIT[0m
  ↳ app/controllers/messages_controller.rb:10
[active_model_serializers] Rendered MessageSerializer with ActiveModelSerializers::Adapter::Attributes (1.09ms)
Completed 200 OK in 295ms (Views: 2.1ms | ActiveRecord: 247.6ms)


Started GET "/messages/most_recent" for 127.0.0.1 at 2018-08-20 18:19:19 -0400
Processing by MessagesController#most_recent as */*
  [1m[36mMessage Load (1.1ms)[0m  [1m[34mSELECT "messages".* FROM "messages" ORDER BY created_at DESC[0m
  ↳ app/controllers/messages_controller.rb:38
  [1m[36mUser Load (0.9ms)[0m  [1m[34mSELECT "users".* FROM "users" WHERE "users"."id" IN ($1, $2, $3, $4, $5, $6, $7, $8, $9, $10, $11, $12, $13, $14)[0m  [["id", 39], ["id", 37], ["id", 34], ["id", 31], ["id", 30], ["id", 23], ["id", 15], ["id", 14], ["id", 13], ["id", 11], ["id", 9], ["id", 7], ["id", 3], ["id", 5]]
  ↳ app/controllers/messages_controller.rb:38
  [1m[36mUser Load (0.4ms)[0m  [1m[34mSELECT "users".* FROM "users" WHERE "users"."id" IN ($1, $2, $3, $4, $5, $6, $7)[0m  [["id", 38], ["id", 32], ["id", 12], ["id", 10], ["id", 8], ["id", 5], ["id", 6]]
  ↳ app/controllers/messages_controller.rb:38
[active_model_serializers] Rendered ActiveModel::Serializer::CollectionSerializer with ActiveModelSerializers::Adapter::Attributes (9.72ms)
Completed 200 OK in 20ms (Views: 16.8ms | ActiveRecord: 2.4ms)


Started GET "/messages/most_recent" for 127.0.0.1 at 2018-08-20 18:24:23 -0400
  [1m[35m (1.4ms)[0m  [1m[34mSELECT "schema_migrations"."version" FROM "schema_migrations" ORDER BY "schema_migrations"."version" ASC[0m
  ↳ /Users/marynaulasava/.rvm/gems/ruby-2.3.3/gems/activerecord-5.2.0/lib/active_record/log_subscriber.rb:98
Processing by MessagesController#most_recent as */*
  [1m[36mMessage Load (1.6ms)[0m  [1m[34mSELECT "messages".* FROM "messages" ORDER BY created_at DESC[0m
  ↳ app/controllers/messages_controller.rb:38
  [1m[36mUser Load (0.8ms)[0m  [1m[34mSELECT "users".* FROM "users" WHERE "users"."id" IN ($1, $2, $3, $4, $5, $6, $7, $8, $9, $10, $11, $12, $13, $14)[0m  [["id", 39], ["id", 37], ["id", 34], ["id", 31], ["id", 30], ["id", 23], ["id", 15], ["id", 14], ["id", 13], ["id", 11], ["id", 9], ["id", 7], ["id", 3], ["id", 5]]
  ↳ app/controllers/messages_controller.rb:38
  [1m[36mUser Load (0.5ms)[0m  [1m[34mSELECT "users".* FROM "users" WHERE "users"."id" IN ($1, $2, $3, $4, $5, $6, $7)[0m  [["id", 38], ["id", 32], ["id", 12], ["id", 10], ["id", 8], ["id", 5], ["id", 6]]
  ↳ app/controllers/messages_controller.rb:38
[active_model_serializers] Rendered ActiveModel::Serializer::CollectionSerializer with ActiveModelSerializers::Adapter::Attributes (26.63ms)
Completed 200 OK in 114ms (Views: 77.4ms | ActiveRecord: 31.4ms)


Started POST "/messages" for 127.0.0.1 at 2018-08-20 18:24:48 -0400
Processing by MessagesController#create as JSON
  Parameters: {"message"=>{"content"=>"Hi! Have a nice day!", "sender_attributes"=>{"name"=>"Marina"}, "recipient_attributes"=>{"name"=>"Julie"}}}
  [1m[36mUser Load (1.3ms)[0m  [1m[34mSELECT  "users".* FROM "users" WHERE "users"."name" = $1 LIMIT $2[0m  [["name", "Marina"], ["LIMIT", 1]]
  ↳ app/models/message.rb:14
  [1m[36mUser Load (0.4ms)[0m  [1m[34mSELECT  "users".* FROM "users" WHERE "users"."name" = $1 LIMIT $2[0m  [["name", "Julie"], ["LIMIT", 1]]
  ↳ app/models/message.rb:19
  [1m[35m (0.2ms)[0m  [1m[35mBEGIN[0m
  ↳ app/controllers/messages_controller.rb:10
  [1m[36mMessage Create (12.2ms)[0m  [1m[32mINSERT INTO "messages" ("content", "sender_id", "recipient_id", "created_at", "updated_at") VALUES ($1, $2, $3, $4, $5) RETURNING "id"[0m  [["content", "Hi! Have a nice day!"], ["sender_id", 9], ["recipient_id", 7], ["created_at", "2018-08-20 22:24:48.518756"], ["updated_at", "2018-08-20 22:24:48.518756"]]
  ↳ app/controllers/messages_controller.rb:10
  [1m[35m (6.3ms)[0m  [1m[35mCOMMIT[0m
  ↳ app/controllers/messages_controller.rb:10
[active_model_serializers] Rendered MessageSerializer with ActiveModelSerializers::Adapter::Attributes (0.6ms)
Completed 200 OK in 31ms (Views: 1.2ms | ActiveRecord: 20.4ms)


Started GET "/messages/most_recent" for 127.0.0.1 at 2018-08-20 18:24:48 -0400
Processing by MessagesController#most_recent as */*
  [1m[36mMessage Load (1.5ms)[0m  [1m[34mSELECT "messages".* FROM "messages" ORDER BY created_at DESC[0m
  ↳ app/controllers/messages_controller.rb:38
  [1m[36mUser Load (1.2ms)[0m  [1m[34mSELECT "users".* FROM "users" WHERE "users"."id" IN ($1, $2, $3, $4, $5, $6, $7, $8, $9, $10, $11, $12, $13, $14)[0m  [["id", 9], ["id", 39], ["id", 37], ["id", 34], ["id", 31], ["id", 30], ["id", 23], ["id", 15], ["id", 14], ["id", 13], ["id", 11], ["id", 7], ["id", 3], ["id", 5]]
  ↳ app/controllers/messages_controller.rb:38
  [1m[36mUser Load (0.6ms)[0m  [1m[34mSELECT "users".* FROM "users" WHERE "users"."id" IN ($1, $2, $3, $4, $5, $6, $7, $8)[0m  [["id", 7], ["id", 38], ["id", 32], ["id", 12], ["id", 10], ["id", 8], ["id", 5], ["id", 6]]
  ↳ app/controllers/messages_controller.rb:38
[active_model_serializers] Rendered ActiveModel::Serializer::CollectionSerializer with ActiveModelSerializers::Adapter::Attributes (9.92ms)
Completed 200 OK in 24ms (Views: 19.8ms | ActiveRecord: 3.3ms)


Started DELETE "/messages/70" for 127.0.0.1 at 2018-08-20 18:25:00 -0400
Processing by MessagesController#destroy as */*
  Parameters: {"id"=>"70"}
  [1m[36mMessage Load (0.4ms)[0m  [1m[34mSELECT  "messages".* FROM "messages" WHERE "messages"."id" = $1 LIMIT $2[0m  [["id", 70], ["LIMIT", 1]]
  ↳ app/controllers/messages_controller.rb:48
  [1m[35m (0.1ms)[0m  [1m[35mBEGIN[0m
  ↳ app/controllers/messages_controller.rb:30
  [1m[36mMessage Destroy (43.1ms)[0m  [1m[31mDELETE FROM "messages" WHERE "messages"."id" = $1[0m  [["id", 70]]
  ↳ app/controllers/messages_controller.rb:30
  [1m[35m (6.1ms)[0m  [1m[35mCOMMIT[0m
  ↳ app/controllers/messages_controller.rb:30
[active_model_serializers] Rendered ActiveModel::Serializer::Null with Hash (0.1ms)
Completed 204 No Content in 81ms (Views: 20.8ms | ActiveRecord: 50.0ms)


Started GET "/messages/most_recent" for 127.0.0.1 at 2018-08-20 18:34:29 -0400
Processing by MessagesController#most_recent as */*
  [1m[36mMessage Load (1.8ms)[0m  [1m[34mSELECT "messages".* FROM "messages" ORDER BY created_at DESC[0m
  ↳ app/controllers/messages_controller.rb:38
  [1m[36mUser Load (1.6ms)[0m  [1m[34mSELECT "users".* FROM "users" WHERE "users"."id" IN ($1, $2, $3, $4, $5, $6, $7, $8, $9, $10, $11, $12, $13, $14)[0m  [["id", 39], ["id", 37], ["id", 34], ["id", 31], ["id", 30], ["id", 23], ["id", 15], ["id", 14], ["id", 13], ["id", 11], ["id", 9], ["id", 7], ["id", 3], ["id", 5]]
  ↳ app/controllers/messages_controller.rb:38
  [1m[36mUser Load (0.5ms)[0m  [1m[34mSELECT "users".* FROM "users" WHERE "users"."id" IN ($1, $2, $3, $4, $5, $6, $7)[0m  [["id", 38], ["id", 32], ["id", 12], ["id", 10], ["id", 8], ["id", 5], ["id", 6]]
  ↳ app/controllers/messages_controller.rb:38
[active_model_serializers] Rendered ActiveModel::Serializer::CollectionSerializer with ActiveModelSerializers::Adapter::Attributes (68.12ms)
Completed 200 OK in 109ms (Views: 99.5ms | ActiveRecord: 3.9ms)


Started GET "/messages/most_recent" for 127.0.0.1 at 2018-08-20 18:35:03 -0400
Processing by MessagesController#most_recent as */*
  [1m[36mMessage Load (7.7ms)[0m  [1m[34mSELECT "messages".* FROM "messages" ORDER BY created_at DESC[0m
  ↳ app/controllers/messages_controller.rb:38
  [1m[36mUser Load (0.9ms)[0m  [1m[34mSELECT "users".* FROM "users" WHERE "users"."id" IN ($1, $2, $3, $4, $5, $6, $7, $8, $9, $10, $11, $12, $13, $14)[0m  [["id", 39], ["id", 37], ["id", 34], ["id", 31], ["id", 30], ["id", 23], ["id", 15], ["id", 14], ["id", 13], ["id", 11], ["id", 9], ["id", 7], ["id", 3], ["id", 5]]
  ↳ app/controllers/messages_controller.rb:38
  [1m[36mUser Load (1.2ms)[0m  [1m[34mSELECT "users".* FROM "users" WHERE "users"."id" IN ($1, $2, $3, $4, $5, $6, $7)[0m  [["id", 38], ["id", 32], ["id", 12], ["id", 10], ["id", 8], ["id", 5], ["id", 6]]
  ↳ app/controllers/messages_controller.rb:38
[active_model_serializers] Rendered ActiveModel::Serializer::CollectionSerializer with ActiveModelSerializers::Adapter::Attributes (25.47ms)
Completed 200 OK in 53ms (Views: 42.3ms | ActiveRecord: 9.8ms)


Started POST "/messages" for 127.0.0.1 at 2018-08-20 18:36:15 -0400
Processing by MessagesController#create as JSON
  Parameters: {"message"=>{"content"=>"test", "sender_attributes"=>{"name"=>""}, "recipient_attributes"=>{"name"=>""}}}
  [1m[36mUser Load (9.1ms)[0m  [1m[34mSELECT  "users".* FROM "users" WHERE "users"."name" = $1 LIMIT $2[0m  [["name", ""], ["LIMIT", 1]]
  ↳ app/models/message.rb:14
  [1m[35m (0.3ms)[0m  [1m[35mBEGIN[0m
  ↳ app/models/message.rb:14
  [1m[35m (0.4ms)[0m  [1m[31mROLLBACK[0m
  ↳ app/models/message.rb:14
  [1m[36mUser Load (1.5ms)[0m  [1m[34mSELECT  "users".* FROM "users" WHERE "users"."name" = $1 LIMIT $2[0m  [["name", ""], ["LIMIT", 1]]
  ↳ app/models/message.rb:19
  [1m[35m (0.9ms)[0m  [1m[35mBEGIN[0m
  ↳ app/models/message.rb:19
  [1m[35m (0.3ms)[0m  [1m[31mROLLBACK[0m
  ↳ app/models/message.rb:19
  [1m[35m (0.2ms)[0m  [1m[35mBEGIN[0m
  ↳ app/controllers/messages_controller.rb:10
  [1m[36mMessage Create (16.9ms)[0m  [1m[32mINSERT INTO "messages" ("content", "created_at", "updated_at") VALUES ($1, $2, $3) RETURNING "id"[0m  [["content", "test"], ["created_at", "2018-08-20 22:36:15.066547"], ["updated_at", "2018-08-20 22:36:15.066547"]]
  ↳ app/controllers/messages_controller.rb:10
  [1m[35m (21.9ms)[0m  [1m[35mCOMMIT[0m
  ↳ app/controllers/messages_controller.rb:10
[active_model_serializers] Rendered MessageSerializer with ActiveModelSerializers::Adapter::Attributes (2.4ms)
Completed 200 OK in 108ms (Views: 4.1ms | ActiveRecord: 51.5ms)


Started GET "/messages/most_recent" for 127.0.0.1 at 2018-08-20 18:36:15 -0400
Processing by MessagesController#most_recent as */*
  [1m[36mMessage Load (1.3ms)[0m  [1m[34mSELECT "messages".* FROM "messages" ORDER BY created_at DESC[0m
  ↳ app/controllers/messages_controller.rb:38
  [1m[36mUser Load (1.0ms)[0m  [1m[34mSELECT "users".* FROM "users" WHERE "users"."id" IN ($1, $2, $3, $4, $5, $6, $7, $8, $9, $10, $11, $12, $13, $14)[0m  [["id", 39], ["id", 37], ["id", 34], ["id", 31], ["id", 30], ["id", 23], ["id", 15], ["id", 14], ["id", 13], ["id", 11], ["id", 9], ["id", 7], ["id", 3], ["id", 5]]
  ↳ app/controllers/messages_controller.rb:38
  [1m[36mUser Load (0.7ms)[0m  [1m[34mSELECT "users".* FROM "users" WHERE "users"."id" IN ($1, $2, $3, $4, $5, $6, $7)[0m  [["id", 38], ["id", 32], ["id", 12], ["id", 10], ["id", 8], ["id", 5], ["id", 6]]
  ↳ app/controllers/messages_controller.rb:38
[active_model_serializers] Rendered ActiveModel::Serializer::CollectionSerializer with ActiveModelSerializers::Adapter::Attributes (18.03ms)
Completed 200 OK in 204ms (Views: 200.3ms | ActiveRecord: 3.0ms)


Started GET "/messages/most_recent" for 127.0.0.1 at 2018-08-20 18:37:02 -0400
Processing by MessagesController#most_recent as */*
  [1m[36mMessage Load (0.9ms)[0m  [1m[34mSELECT "messages".* FROM "messages" ORDER BY created_at DESC[0m
  ↳ app/controllers/messages_controller.rb:38
  [1m[36mUser Load (1.8ms)[0m  [1m[34mSELECT "users".* FROM "users" WHERE "users"."id" IN ($1, $2, $3, $4, $5, $6, $7, $8, $9, $10, $11, $12, $13, $14)[0m  [["id", 39], ["id", 37], ["id", 34], ["id", 31], ["id", 30], ["id", 23], ["id", 15], ["id", 14], ["id", 13], ["id", 11], ["id", 9], ["id", 7], ["id", 3], ["id", 5]]
  ↳ app/controllers/messages_controller.rb:38
  [1m[36mUser Load (5.2ms)[0m  [1m[34mSELECT "users".* FROM "users" WHERE "users"."id" IN ($1, $2, $3, $4, $5, $6, $7)[0m  [["id", 38], ["id", 32], ["id", 12], ["id", 10], ["id", 8], ["id", 5], ["id", 6]]
  ↳ app/controllers/messages_controller.rb:38
[active_model_serializers] Rendered ActiveModel::Serializer::CollectionSerializer with ActiveModelSerializers::Adapter::Attributes (33.91ms)
Completed 200 OK in 62ms (Views: 53.6ms | ActiveRecord: 7.8ms)


Started GET "/messages/most_recent" for 127.0.0.1 at 2018-08-20 18:37:10 -0400
Processing by MessagesController#most_recent as */*
  [1m[36mMessage Load (2.1ms)[0m  [1m[34mSELECT "messages".* FROM "messages" ORDER BY created_at DESC[0m
  ↳ app/controllers/messages_controller.rb:38
  [1m[36mUser Load (0.7ms)[0m  [1m[34mSELECT "users".* FROM "users" WHERE "users"."id" IN ($1, $2, $3, $4, $5, $6, $7, $8, $9, $10, $11, $12, $13, $14)[0m  [["id", 39], ["id", 37], ["id", 34], ["id", 31], ["id", 30], ["id", 23], ["id", 15], ["id", 14], ["id", 13], ["id", 11], ["id", 9], ["id", 7], ["id", 3], ["id", 5]]
  ↳ app/controllers/messages_controller.rb:38
  [1m[36mUser Load (0.8ms)[0m  [1m[34mSELECT "users".* FROM "users" WHERE "users"."id" IN ($1, $2, $3, $4, $5, $6, $7)[0m  [["id", 38], ["id", 32], ["id", 12], ["id", 10], ["id", 8], ["id", 5], ["id", 6]]
  ↳ app/controllers/messages_controller.rb:38
[active_model_serializers] Rendered ActiveModel::Serializer::CollectionSerializer with ActiveModelSerializers::Adapter::Attributes (55.88ms)
Completed 200 OK in 79ms (Views: 74.1ms | ActiveRecord: 3.7ms)


Started GET "/messages/most_recent" for 127.0.0.1 at 2018-08-20 18:42:02 -0400
Processing by MessagesController#most_recent as */*
  [1m[36mMessage Load (3.7ms)[0m  [1m[34mSELECT "messages".* FROM "messages" ORDER BY created_at DESC[0m
  ↳ app/controllers/messages_controller.rb:38
  [1m[36mUser Load (1.4ms)[0m  [1m[34mSELECT "users".* FROM "users" WHERE "users"."id" IN ($1, $2, $3, $4, $5, $6, $7, $8, $9, $10, $11, $12, $13, $14)[0m  [["id", 39], ["id", 37], ["id", 34], ["id", 31], ["id", 30], ["id", 23], ["id", 15], ["id", 14], ["id", 13], ["id", 11], ["id", 9], ["id", 7], ["id", 3], ["id", 5]]
  ↳ app/controllers/messages_controller.rb:38
  [1m[36mUser Load (0.7ms)[0m  [1m[34mSELECT "users".* FROM "users" WHERE "users"."id" IN ($1, $2, $3, $4, $5, $6, $7)[0m  [["id", 38], ["id", 32], ["id", 12], ["id", 10], ["id", 8], ["id", 5], ["id", 6]]
  ↳ app/controllers/messages_controller.rb:38
[active_model_serializers] Rendered ActiveModel::Serializer::CollectionSerializer with ActiveModelSerializers::Adapter::Attributes (152.72ms)
Completed 200 OK in 252ms (Views: 240.1ms | ActiveRecord: 5.8ms)


Started GET "/messages/most_recent" for 127.0.0.1 at 2018-08-20 18:45:56 -0400
Processing by MessagesController#most_recent as */*
  [1m[36mMessage Load (26.2ms)[0m  [1m[34mSELECT "messages".* FROM "messages" ORDER BY created_at DESC[0m
  ↳ app/controllers/messages_controller.rb:38
  [1m[36mUser Load (1.7ms)[0m  [1m[34mSELECT "users".* FROM "users" WHERE "users"."id" IN ($1, $2, $3, $4, $5, $6, $7, $8, $9, $10, $11, $12, $13, $14)[0m  [["id", 39], ["id", 37], ["id", 34], ["id", 31], ["id", 30], ["id", 23], ["id", 15], ["id", 14], ["id", 13], ["id", 11], ["id", 9], ["id", 7], ["id", 3], ["id", 5]]
  ↳ app/controllers/messages_controller.rb:38
  [1m[36mUser Load (1.2ms)[0m  [1m[34mSELECT "users".* FROM "users" WHERE "users"."id" IN ($1, $2, $3, $4, $5, $6, $7)[0m  [["id", 38], ["id", 32], ["id", 12], ["id", 10], ["id", 8], ["id", 5], ["id", 6]]
  ↳ app/controllers/messages_controller.rb:38
[active_model_serializers] Rendered ActiveModel::Serializer::CollectionSerializer with ActiveModelSerializers::Adapter::Attributes (130.43ms)
Completed 200 OK in 238ms (Views: 204.0ms | ActiveRecord: 29.1ms)


Started GET "/messages/most_recent" for 127.0.0.1 at 2018-08-20 18:47:36 -0400
Processing by MessagesController#most_recent as */*
  [1m[36mMessage Load (2.5ms)[0m  [1m[34mSELECT "messages".* FROM "messages" ORDER BY created_at DESC[0m
  ↳ app/controllers/messages_controller.rb:38
  [1m[36mUser Load (17.7ms)[0m  [1m[34mSELECT "users".* FROM "users" WHERE "users"."id" IN ($1, $2, $3, $4, $5, $6, $7, $8, $9, $10, $11, $12, $13, $14)[0m  [["id", 39], ["id", 37], ["id", 34], ["id", 31], ["id", 30], ["id", 23], ["id", 15], ["id", 14], ["id", 13], ["id", 11], ["id", 9], ["id", 7], ["id", 3], ["id", 5]]
  ↳ app/controllers/messages_controller.rb:38
  [1m[36mUser Load (0.6ms)[0m  [1m[34mSELECT "users".* FROM "users" WHERE "users"."id" IN ($1, $2, $3, $4, $5, $6, $7)[0m  [["id", 38], ["id", 32], ["id", 12], ["id", 10], ["id", 8], ["id", 5], ["id", 6]]
  ↳ app/controllers/messages_controller.rb:38
[active_model_serializers] Rendered ActiveModel::Serializer::CollectionSerializer with ActiveModelSerializers::Adapter::Attributes (104.59ms)
Completed 200 OK in 183ms (Views: 161.0ms | ActiveRecord: 20.8ms)


Started GET "/messages/most_recent" for 127.0.0.1 at 2018-08-20 18:49:00 -0400
Processing by MessagesController#most_recent as */*
  [1m[36mMessage Load (12.4ms)[0m  [1m[34mSELECT "messages".* FROM "messages" ORDER BY created_at DESC[0m
  ↳ app/controllers/messages_controller.rb:38
  [1m[36mUser Load (14.1ms)[0m  [1m[34mSELECT "users".* FROM "users" WHERE "users"."id" IN ($1, $2, $3, $4, $5, $6, $7, $8, $9, $10, $11, $12, $13, $14)[0m  [["id", 39], ["id", 37], ["id", 34], ["id", 31], ["id", 30], ["id", 23], ["id", 15], ["id", 14], ["id", 13], ["id", 11], ["id", 9], ["id", 7], ["id", 3], ["id", 5]]
  ↳ app/controllers/messages_controller.rb:38
  [1m[36mUser Load (7.3ms)[0m  [1m[34mSELECT "users".* FROM "users" WHERE "users"."id" IN ($1, $2, $3, $4, $5, $6, $7)[0m  [["id", 38], ["id", 32], ["id", 12], ["id", 10], ["id", 8], ["id", 5], ["id", 6]]
  ↳ app/controllers/messages_controller.rb:38
[active_model_serializers] Rendered ActiveModel::Serializer::CollectionSerializer with ActiveModelSerializers::Adapter::Attributes (92.44ms)
Completed 200 OK in 202ms (Views: 166.1ms | ActiveRecord: 33.7ms)


Started GET "/messages/most_recent" for 127.0.0.1 at 2018-08-20 18:50:20 -0400
Processing by MessagesController#most_recent as */*
  [1m[36mMessage Load (16.6ms)[0m  [1m[34mSELECT "messages".* FROM "messages" ORDER BY created_at DESC[0m
  ↳ app/controllers/messages_controller.rb:38
  [1m[36mUser Load (18.4ms)[0m  [1m[34mSELECT "users".* FROM "users" WHERE "users"."id" IN ($1, $2, $3, $4, $5, $6, $7, $8, $9, $10, $11, $12, $13, $14)[0m  [["id", 39], ["id", 37], ["id", 34], ["id", 31], ["id", 30], ["id", 23], ["id", 15], ["id", 14], ["id", 13], ["id", 11], ["id", 9], ["id", 7], ["id", 3], ["id", 5]]
  ↳ app/controllers/messages_controller.rb:38
  [1m[36mUser Load (22.6ms)[0m  [1m[34mSELECT "users".* FROM "users" WHERE "users"."id" IN ($1, $2, $3, $4, $5, $6, $7)[0m  [["id", 38], ["id", 32], ["id", 12], ["id", 10], ["id", 8], ["id", 5], ["id", 6]]
  ↳ app/controllers/messages_controller.rb:38
[active_model_serializers] Rendered ActiveModel::Serializer::CollectionSerializer with ActiveModelSerializers::Adapter::Attributes (133.25ms)
Completed 200 OK in 382ms (Views: 318.8ms | ActiveRecord: 57.5ms)


Started GET "/messages/most_recent" for 127.0.0.1 at 2018-08-20 18:51:25 -0400
Processing by MessagesController#most_recent as */*
  [1m[36mMessage Load (0.6ms)[0m  [1m[34mSELECT "messages".* FROM "messages" ORDER BY created_at DESC[0m
  ↳ app/controllers/messages_controller.rb:38
  [1m[36mUser Load (0.9ms)[0m  [1m[34mSELECT "users".* FROM "users" WHERE "users"."id" IN ($1, $2, $3, $4, $5, $6, $7, $8, $9, $10, $11, $12, $13, $14)[0m  [["id", 39], ["id", 37], ["id", 34], ["id", 31], ["id", 30], ["id", 23], ["id", 15], ["id", 14], ["id", 13], ["id", 11], ["id", 9], ["id", 7], ["id", 3], ["id", 5]]
  ↳ app/controllers/messages_controller.rb:38
  [1m[36mUser Load (1.6ms)[0m  [1m[34mSELECT "users".* FROM "users" WHERE "users"."id" IN ($1, $2, $3, $4, $5, $6, $7)[0m  [["id", 38], ["id", 32], ["id", 12], ["id", 10], ["id", 8], ["id", 5], ["id", 6]]
  ↳ app/controllers/messages_controller.rb:38
[active_model_serializers] Rendered ActiveModel::Serializer::CollectionSerializer with ActiveModelSerializers::Adapter::Attributes (49.74ms)
Completed 200 OK in 72ms (Views: 67.7ms | ActiveRecord: 3.1ms)


Started GET "/messages/most_recent" for 127.0.0.1 at 2018-08-20 18:51:45 -0400
Processing by MessagesController#most_recent as */*
  [1m[36mMessage Load (0.8ms)[0m  [1m[34mSELECT "messages".* FROM "messages" ORDER BY created_at DESC[0m
  ↳ app/controllers/messages_controller.rb:38
  [1m[36mUser Load (0.7ms)[0m  [1m[34mSELECT "users".* FROM "users" WHERE "users"."id" IN ($1, $2, $3, $4, $5, $6, $7, $8, $9, $10, $11, $12, $13, $14)[0m  [["id", 39], ["id", 37], ["id", 34], ["id", 31], ["id", 30], ["id", 23], ["id", 15], ["id", 14], ["id", 13], ["id", 11], ["id", 9], ["id", 7], ["id", 3], ["id", 5]]
  ↳ app/controllers/messages_controller.rb:38
  [1m[36mUser Load (1.6ms)[0m  [1m[34mSELECT "users".* FROM "users" WHERE "users"."id" IN ($1, $2, $3, $4, $5, $6, $7)[0m  [["id", 38], ["id", 32], ["id", 12], ["id", 10], ["id", 8], ["id", 5], ["id", 6]]
  ↳ app/controllers/messages_controller.rb:38
[active_model_serializers] Rendered ActiveModel::Serializer::CollectionSerializer with ActiveModelSerializers::Adapter::Attributes (65.79ms)
Completed 200 OK in 83ms (Views: 79.8ms | ActiveRecord: 3.1ms)


Started GET "/messages/most_recent" for 127.0.0.1 at 2018-08-20 18:52:47 -0400
Processing by MessagesController#most_recent as */*
  [1m[36mMessage Load (6.6ms)[0m  [1m[34mSELECT "messages".* FROM "messages" ORDER BY created_at DESC[0m
  ↳ app/controllers/messages_controller.rb:38
  [1m[36mUser Load (1.0ms)[0m  [1m[34mSELECT "users".* FROM "users" WHERE "users"."id" IN ($1, $2, $3, $4, $5, $6, $7, $8, $9, $10, $11, $12, $13, $14)[0m  [["id", 39], ["id", 37], ["id", 34], ["id", 31], ["id", 30], ["id", 23], ["id", 15], ["id", 14], ["id", 13], ["id", 11], ["id", 9], ["id", 7], ["id", 3], ["id", 5]]
  ↳ app/controllers/messages_controller.rb:38
  [1m[36mUser Load (6.6ms)[0m  [1m[34mSELECT "users".* FROM "users" WHERE "users"."id" IN ($1, $2, $3, $4, $5, $6, $7)[0m  [["id", 38], ["id", 32], ["id", 12], ["id", 10], ["id", 8], ["id", 5], ["id", 6]]
  ↳ app/controllers/messages_controller.rb:38
[active_model_serializers] Rendered ActiveModel::Serializer::CollectionSerializer with ActiveModelSerializers::Adapter::Attributes (81.95ms)
Completed 200 OK in 156ms (Views: 140.9ms | ActiveRecord: 14.2ms)


Started GET "/messages/most_recent" for 127.0.0.1 at 2018-08-23 01:12:43 -0400
  [1m[35m (1.9ms)[0m  [1m[34mSELECT "schema_migrations"."version" FROM "schema_migrations" ORDER BY "schema_migrations"."version" ASC[0m
  ↳ /Users/marynaulasava/.rvm/gems/ruby-2.3.3/gems/activerecord-5.2.0/lib/active_record/log_subscriber.rb:98
Processing by MessagesController#most_recent as */*
  [1m[36mMessage Load (25.9ms)[0m  [1m[34mSELECT "messages".* FROM "messages" ORDER BY created_at DESC[0m
  ↳ app/controllers/messages_controller.rb:38
  [1m[36mUser Load (7.2ms)[0m  [1m[34mSELECT "users".* FROM "users" WHERE "users"."id" IN ($1, $2, $3, $4, $5, $6, $7, $8, $9, $10, $11, $12, $13, $14)[0m  [["id", 39], ["id", 37], ["id", 34], ["id", 31], ["id", 30], ["id", 23], ["id", 15], ["id", 14], ["id", 13], ["id", 11], ["id", 9], ["id", 7], ["id", 3], ["id", 5]]
  ↳ app/controllers/messages_controller.rb:38
  [1m[36mUser Load (0.7ms)[0m  [1m[34mSELECT "users".* FROM "users" WHERE "users"."id" IN ($1, $2, $3, $4, $5, $6, $7)[0m  [["id", 38], ["id", 32], ["id", 12], ["id", 10], ["id", 8], ["id", 5], ["id", 6]]
  ↳ app/controllers/messages_controller.rb:38
[active_model_serializers] Rendered ActiveModel::Serializer::CollectionSerializer with ActiveModelSerializers::Adapter::Attributes (22.55ms)
Completed 200 OK in 226ms (Views: 78.2ms | ActiveRecord: 142.4ms)


Started DELETE "/messages/71" for 127.0.0.1 at 2018-08-23 01:12:49 -0400
Processing by MessagesController#destroy as */*
  Parameters: {"id"=>"71"}
  [1m[36mMessage Load (4.9ms)[0m  [1m[34mSELECT  "messages".* FROM "messages" WHERE "messages"."id" = $1 LIMIT $2[0m  [["id", 71], ["LIMIT", 1]]
  ↳ app/controllers/messages_controller.rb:48
  [1m[35m (6.2ms)[0m  [1m[35mBEGIN[0m
  ↳ app/controllers/messages_controller.rb:30
  [1m[36mMessage Destroy (40.5ms)[0m  [1m[31mDELETE FROM "messages" WHERE "messages"."id" = $1[0m  [["id", 71]]
  ↳ app/controllers/messages_controller.rb:30
  [1m[35m (143.3ms)[0m  [1m[35mCOMMIT[0m
  ↳ app/controllers/messages_controller.rb:30
[active_model_serializers] Rendered ActiveModel::Serializer::Null with Hash (0.18ms)
Completed 204 No Content in 209ms (Views: 5.6ms | ActiveRecord: 195.2ms)


Started GET "/messages/most_recent" for 127.0.0.1 at 2018-09-29 22:14:54 -0400
  [1m[35m (5.4ms)[0m  [1m[34mSELECT "schema_migrations"."version" FROM "schema_migrations" ORDER BY "schema_migrations"."version" ASC[0m
  ↳ /Users/marynaulasava/.rvm/gems/ruby-2.3.3/gems/activerecord-5.2.0/lib/active_record/log_subscriber.rb:98
Processing by MessagesController#most_recent as */*
  [1m[36mMessage Load (112.9ms)[0m  [1m[34mSELECT "messages".* FROM "messages" ORDER BY created_at DESC[0m
  ↳ app/controllers/messages_controller.rb:38
  [1m[36mUser Load (62.4ms)[0m  [1m[34mSELECT "users".* FROM "users" WHERE "users"."id" IN ($1, $2, $3, $4, $5, $6, $7, $8, $9, $10, $11, $12, $13, $14)[0m  [["id", 39], ["id", 37], ["id", 34], ["id", 31], ["id", 30], ["id", 23], ["id", 15], ["id", 14], ["id", 13], ["id", 11], ["id", 9], ["id", 7], ["id", 3], ["id", 5]]
  ↳ app/controllers/messages_controller.rb:38
  [1m[36mUser Load (0.5ms)[0m  [1m[34mSELECT "users".* FROM "users" WHERE "users"."id" IN ($1, $2, $3, $4, $5, $6, $7)[0m  [["id", 38], ["id", 32], ["id", 12], ["id", 10], ["id", 8], ["id", 5], ["id", 6]]
  ↳ app/controllers/messages_controller.rb:38
[active_model_serializers] Rendered ActiveModel::Serializer::CollectionSerializer with ActiveModelSerializers::Adapter::Attributes (29.53ms)
Completed 200 OK in 353ms (Views: 94.3ms | ActiveRecord: 248.5ms)


Started POST "/messages" for 127.0.0.1 at 2018-09-29 22:15:29 -0400
Processing by MessagesController#create as JSON
  Parameters: {"message"=>{"content"=>"A champion is defined not by their wins, but by how many times they recover when they fall.", "sender_attributes"=>{"name"=>"Serena Williams"}, "recipient_attributes"=>{"name"=>""}}}
  [1m[36mUser Load (23.3ms)[0m  [1m[34mSELECT  "users".* FROM "users" WHERE "users"."name" = $1 LIMIT $2[0m  [["name", "Serena Williams"], ["LIMIT", 1]]
  ↳ app/models/message.rb:14
  [1m[35m (2.5ms)[0m  [1m[35mBEGIN[0m
  ↳ app/models/message.rb:14
  [1m[36mUser Create (39.0ms)[0m  [1m[32mINSERT INTO "users" ("name", "created_at", "updated_at") VALUES ($1, $2, $3) RETURNING "id"[0m  [["name", "Serena Williams"], ["created_at", "2018-09-30 02:15:29.474793"], ["updated_at", "2018-09-30 02:15:29.474793"]]
  ↳ app/models/message.rb:14
  [1m[35m (165.2ms)[0m  [1m[35mCOMMIT[0m
  ↳ app/models/message.rb:14
  [1m[36mUser Load (0.5ms)[0m  [1m[34mSELECT  "users".* FROM "users" WHERE "users"."name" = $1 LIMIT $2[0m  [["name", ""], ["LIMIT", 1]]
  ↳ app/models/message.rb:19
  [1m[35m (0.1ms)[0m  [1m[35mBEGIN[0m
  ↳ app/models/message.rb:19
  [1m[35m (9.1ms)[0m  [1m[31mROLLBACK[0m
  ↳ app/models/message.rb:19
  [1m[35m (0.2ms)[0m  [1m[35mBEGIN[0m
  ↳ app/controllers/messages_controller.rb:10
  [1m[36mMessage Create (19.0ms)[0m  [1m[32mINSERT INTO "messages" ("content", "sender_id", "created_at", "updated_at") VALUES ($1, $2, $3, $4) RETURNING "id"[0m  [["content", "A champion is defined not by their wins, but by how many times they recover when they fall."], ["sender_id", 40], ["created_at", "2018-09-30 02:15:29.710500"], ["updated_at", "2018-09-30 02:15:29.710500"]]
  ↳ app/controllers/messages_controller.rb:10
  [1m[35m (2.7ms)[0m  [1m[35mCOMMIT[0m
  ↳ app/controllers/messages_controller.rb:10
[active_model_serializers] Rendered MessageSerializer with ActiveModelSerializers::Adapter::Attributes (2.47ms)
Completed 200 OK in 386ms (Views: 5.1ms | ActiveRecord: 261.6ms)


Started GET "/messages/most_recent" for 127.0.0.1 at 2018-09-29 22:15:29 -0400
Processing by MessagesController#most_recent as */*
  [1m[36mMessage Load (1.5ms)[0m  [1m[34mSELECT "messages".* FROM "messages" ORDER BY created_at DESC[0m
  ↳ app/controllers/messages_controller.rb:38
  [1m[36mUser Load (0.8ms)[0m  [1m[34mSELECT "users".* FROM "users" WHERE "users"."id" IN ($1, $2, $3, $4, $5, $6, $7, $8, $9, $10, $11, $12, $13, $14, $15)[0m  [["id", 40], ["id", 39], ["id", 37], ["id", 34], ["id", 31], ["id", 30], ["id", 23], ["id", 15], ["id", 14], ["id", 13], ["id", 11], ["id", 9], ["id", 7], ["id", 3], ["id", 5]]
  ↳ app/controllers/messages_controller.rb:38
  [1m[36mUser Load (0.6ms)[0m  [1m[34mSELECT "users".* FROM "users" WHERE "users"."id" IN ($1, $2, $3, $4, $5, $6, $7)[0m  [["id", 38], ["id", 32], ["id", 12], ["id", 10], ["id", 8], ["id", 5], ["id", 6]]
  ↳ app/controllers/messages_controller.rb:38
[active_model_serializers] Rendered ActiveModel::Serializer::CollectionSerializer with ActiveModelSerializers::Adapter::Attributes (25.35ms)
Completed 200 OK in 45ms (Views: 40.8ms | ActiveRecord: 2.9ms)


Started GET "/messages/most_recent" for 127.0.0.1 at 2018-10-08 20:19:51 -0400
  [1m[35m (5.7ms)[0m  [1m[34mSELECT "schema_migrations"."version" FROM "schema_migrations" ORDER BY "schema_migrations"."version" ASC[0m
  ↳ /Users/marynaulasava/.rvm/gems/ruby-2.3.3/gems/activerecord-5.2.0/lib/active_record/log_subscriber.rb:98
Processing by MessagesController#most_recent as */*
  [1m[36mMessage Load (130.1ms)[0m  [1m[34mSELECT "messages".* FROM "messages" ORDER BY created_at DESC[0m
  ↳ app/controllers/messages_controller.rb:38
  [1m[36mUser Load (18.6ms)[0m  [1m[34mSELECT "users".* FROM "users" WHERE "users"."id" IN ($1, $2, $3, $4, $5, $6, $7, $8, $9, $10, $11, $12, $13, $14, $15)[0m  [["id", 40], ["id", 39], ["id", 37], ["id", 34], ["id", 31], ["id", 30], ["id", 23], ["id", 15], ["id", 14], ["id", 13], ["id", 11], ["id", 9], ["id", 7], ["id", 3], ["id", 5]]
  ↳ app/controllers/messages_controller.rb:38
  [1m[36mUser Load (0.6ms)[0m  [1m[34mSELECT "users".* FROM "users" WHERE "users"."id" IN ($1, $2, $3, $4, $5, $6, $7)[0m  [["id", 38], ["id", 32], ["id", 12], ["id", 10], ["id", 8], ["id", 5], ["id", 6]]
  ↳ app/controllers/messages_controller.rb:38
[active_model_serializers] Rendered ActiveModel::Serializer::CollectionSerializer with ActiveModelSerializers::Adapter::Attributes (24.56ms)
Completed 200 OK in 376ms (Views: 87.7ms | ActiveRecord: 281.6ms)


Started POST "/messages" for 127.0.0.1 at 2018-10-08 20:21:53 -0400
Processing by MessagesController#create as JSON
  Parameters: {"message"=>{"content"=>"The lesson of the Pyramid is that man must turn inward, must venture to the unknown centre of his being to find his soul, even as he must venture to the unknown depths of this fane to find its profoundest secret", "sender_attributes"=>{"name"=>"Paul Brunton"}, "recipient_attributes"=>{"name"=>""}}}
  [1m[36mUser Load (24.3ms)[0m  [1m[34mSELECT  "users".* FROM "users" WHERE "users"."name" = $1 LIMIT $2[0m  [["name", "Paul Brunton"], ["LIMIT", 1]]
  ↳ app/models/message.rb:14
  [1m[35m (0.9ms)[0m  [1m[35mBEGIN[0m
  ↳ app/models/message.rb:14
  [1m[36mUser Create (19.1ms)[0m  [1m[32mINSERT INTO "users" ("name", "created_at", "updated_at") VALUES ($1, $2, $3) RETURNING "id"[0m  [["name", "Paul Brunton"], ["created_at", "2018-10-09 00:21:53.932636"], ["updated_at", "2018-10-09 00:21:53.932636"]]
  ↳ app/models/message.rb:14
  [1m[35m (144.8ms)[0m  [1m[35mCOMMIT[0m
  ↳ app/models/message.rb:14
  [1m[36mUser Load (6.1ms)[0m  [1m[34mSELECT  "users".* FROM "users" WHERE "users"."name" = $1 LIMIT $2[0m  [["name", ""], ["LIMIT", 1]]
  ↳ app/models/message.rb:19
  [1m[35m (0.2ms)[0m  [1m[35mBEGIN[0m
  ↳ app/models/message.rb:19
  [1m[35m (5.7ms)[0m  [1m[31mROLLBACK[0m
  ↳ app/models/message.rb:19
  [1m[35m (0.3ms)[0m  [1m[35mBEGIN[0m
  ↳ app/controllers/messages_controller.rb:10
  [1m[36mMessage Create (12.4ms)[0m  [1m[32mINSERT INTO "messages" ("content", "sender_id", "created_at", "updated_at") VALUES ($1, $2, $3, $4) RETURNING "id"[0m  [["content", "The lesson of the Pyramid is that man must turn inward, must venture to the unknown centre of his being to find his soul, even as he must venture to the unknown depths of this fane to find its profoundest secret"], ["sender_id", 41], ["created_at", "2018-10-09 00:21:54.130233"], ["updated_at", "2018-10-09 00:21:54.130233"]]
  ↳ app/controllers/messages_controller.rb:10
  [1m[35m (0.5ms)[0m  [1m[35mCOMMIT[0m
  ↳ app/controllers/messages_controller.rb:10
[active_model_serializers] Rendered MessageSerializer with ActiveModelSerializers::Adapter::Attributes (2.92ms)
Completed 200 OK in 313ms (Views: 5.3ms | ActiveRecord: 214.2ms)


Started GET "/messages/most_recent" for 127.0.0.1 at 2018-10-08 20:21:54 -0400
Processing by MessagesController#most_recent as */*
  [1m[36mMessage Load (7.5ms)[0m  [1m[34mSELECT "messages".* FROM "messages" ORDER BY created_at DESC[0m
  ↳ app/controllers/messages_controller.rb:38
  [1m[36mUser Load (1.1ms)[0m  [1m[34mSELECT "users".* FROM "users" WHERE "users"."id" IN ($1, $2, $3, $4, $5, $6, $7, $8, $9, $10, $11, $12, $13, $14, $15, $16)[0m  [["id", 41], ["id", 40], ["id", 39], ["id", 37], ["id", 34], ["id", 31], ["id", 30], ["id", 23], ["id", 15], ["id", 14], ["id", 13], ["id", 11], ["id", 9], ["id", 7], ["id", 3], ["id", 5]]
  ↳ app/controllers/messages_controller.rb:38
  [1m[36mUser Load (0.5ms)[0m  [1m[34mSELECT "users".* FROM "users" WHERE "users"."id" IN ($1, $2, $3, $4, $5, $6, $7)[0m  [["id", 38], ["id", 32], ["id", 12], ["id", 10], ["id", 8], ["id", 5], ["id", 6]]
  ↳ app/controllers/messages_controller.rb:38
[active_model_serializers] Rendered ActiveModel::Serializer::CollectionSerializer with ActiveModelSerializers::Adapter::Attributes (22.35ms)
Completed 200 OK in 43ms (Views: 33.6ms | ActiveRecord: 9.1ms)


Started POST "/messages" for 127.0.0.1 at 2018-10-08 20:22:17 -0400
Processing by MessagesController#create as JSON
  Parameters: {"message"=>{"content"=>"Quality means doing it right when no one is looking", "sender_attributes"=>{"name"=>"Henri Ford"}, "recipient_attributes"=>{"name"=>""}}}
  [1m[36mUser Load (0.5ms)[0m  [1m[34mSELECT  "users".* FROM "users" WHERE "users"."name" = $1 LIMIT $2[0m  [["name", "Henri Ford"], ["LIMIT", 1]]
  ↳ app/models/message.rb:14
  [1m[35m (0.2ms)[0m  [1m[35mBEGIN[0m
  ↳ app/models/message.rb:14
  [1m[36mUser Create (2.9ms)[0m  [1m[32mINSERT INTO "users" ("name", "created_at", "updated_at") VALUES ($1, $2, $3) RETURNING "id"[0m  [["name", "Henri Ford"], ["created_at", "2018-10-09 00:22:17.257060"], ["updated_at", "2018-10-09 00:22:17.257060"]]
  ↳ app/models/message.rb:14
  [1m[35m (0.4ms)[0m  [1m[35mCOMMIT[0m
  ↳ app/models/message.rb:14
  [1m[36mUser Load (0.5ms)[0m  [1m[34mSELECT  "users".* FROM "users" WHERE "users"."name" = $1 LIMIT $2[0m  [["name", ""], ["LIMIT", 1]]
  ↳ app/models/message.rb:19
  [1m[35m (0.2ms)[0m  [1m[35mBEGIN[0m
  ↳ app/models/message.rb:19
  [1m[35m (0.2ms)[0m  [1m[31mROLLBACK[0m
  ↳ app/models/message.rb:19
  [1m[35m (0.2ms)[0m  [1m[35mBEGIN[0m
  ↳ app/controllers/messages_controller.rb:10
  [1m[36mMessage Create (0.4ms)[0m  [1m[32mINSERT INTO "messages" ("content", "sender_id", "created_at", "updated_at") VALUES ($1, $2, $3, $4) RETURNING "id"[0m  [["content", "Quality means doing it right when no one is looking"], ["sender_id", 42], ["created_at", "2018-10-09 00:22:17.268937"], ["updated_at", "2018-10-09 00:22:17.268937"]]
  ↳ app/controllers/messages_controller.rb:10
  [1m[35m (0.4ms)[0m  [1m[35mCOMMIT[0m
  ↳ app/controllers/messages_controller.rb:10
[active_model_serializers] Rendered MessageSerializer with ActiveModelSerializers::Adapter::Attributes (0.73ms)
Completed 200 OK in 22ms (Views: 1.2ms | ActiveRecord: 5.8ms)


Started GET "/messages/most_recent" for 127.0.0.1 at 2018-10-08 20:22:17 -0400
Processing by MessagesController#most_recent as */*
  [1m[36mMessage Load (8.3ms)[0m  [1m[34mSELECT "messages".* FROM "messages" ORDER BY created_at DESC[0m
  ↳ app/controllers/messages_controller.rb:38
  [1m[36mUser Load (1.2ms)[0m  [1m[34mSELECT "users".* FROM "users" WHERE "users"."id" IN ($1, $2, $3, $4, $5, $6, $7, $8, $9, $10, $11, $12, $13, $14, $15, $16, $17)[0m  [["id", 42], ["id", 41], ["id", 40], ["id", 39], ["id", 37], ["id", 34], ["id", 31], ["id", 30], ["id", 23], ["id", 15], ["id", 14], ["id", 13], ["id", 11], ["id", 9], ["id", 7], ["id", 3], ["id", 5]]
  ↳ app/controllers/messages_controller.rb:38
  [1m[36mUser Load (1.6ms)[0m  [1m[34mSELECT "users".* FROM "users" WHERE "users"."id" IN ($1, $2, $3, $4, $5, $6, $7)[0m  [["id", 38], ["id", 32], ["id", 12], ["id", 10], ["id", 8], ["id", 5], ["id", 6]]
  ↳ app/controllers/messages_controller.rb:38
[active_model_serializers] Rendered ActiveModel::Serializer::CollectionSerializer with ActiveModelSerializers::Adapter::Attributes (25.93ms)
Completed 200 OK in 52ms (Views: 39.8ms | ActiveRecord: 11.2ms)


Started POST "/messages" for 127.0.0.1 at 2018-10-08 20:23:23 -0400
Processing by MessagesController#create as JSON
  Parameters: {"message"=>{"content"=>"Reading is to the mind what exercise is to the body", "sender_attributes"=>{"name"=>"Richard Steele"}, "recipient_attributes"=>{"name"=>""}}}
  [1m[36mUser Load (35.5ms)[0m  [1m[34mSELECT  "users".* FROM "users" WHERE "users"."name" = $1 LIMIT $2[0m  [["name", "Richard Steele"], ["LIMIT", 1]]
  ↳ app/models/message.rb:14
  [1m[35m (0.2ms)[0m  [1m[35mBEGIN[0m
  ↳ app/models/message.rb:14
  [1m[36mUser Create (4.9ms)[0m  [1m[32mINSERT INTO "users" ("name", "created_at", "updated_at") VALUES ($1, $2, $3) RETURNING "id"[0m  [["name", "Richard Steele"], ["created_at", "2018-10-09 00:23:23.795451"], ["updated_at", "2018-10-09 00:23:23.795451"]]
  ↳ app/models/message.rb:14
  [1m[35m (22.5ms)[0m  [1m[35mCOMMIT[0m
  ↳ app/models/message.rb:14
  [1m[36mUser Load (0.6ms)[0m  [1m[34mSELECT  "users".* FROM "users" WHERE "users"."name" = $1 LIMIT $2[0m  [["name", ""], ["LIMIT", 1]]
  ↳ app/models/message.rb:19
  [1m[35m (0.2ms)[0m  [1m[35mBEGIN[0m
  ↳ app/models/message.rb:19
  [1m[35m (0.2ms)[0m  [1m[31mROLLBACK[0m
  ↳ app/models/message.rb:19
  [1m[35m (2.0ms)[0m  [1m[35mBEGIN[0m
  ↳ app/controllers/messages_controller.rb:10
  [1m[36mMessage Create (0.7ms)[0m  [1m[32mINSERT INTO "messages" ("content", "sender_id", "created_at", "updated_at") VALUES ($1, $2, $3, $4) RETURNING "id"[0m  [["content", "Reading is to the mind what exercise is to the body"], ["sender_id", 43], ["created_at", "2018-10-09 00:23:23.848264"], ["updated_at", "2018-10-09 00:23:23.848264"]]
  ↳ app/controllers/messages_controller.rb:10
  [1m[35m (5.8ms)[0m  [1m[35mCOMMIT[0m
  ↳ app/controllers/messages_controller.rb:10
[active_model_serializers] Rendered MessageSerializer with ActiveModelSerializers::Adapter::Attributes (2.88ms)
Completed 200 OK in 131ms (Views: 5.2ms | ActiveRecord: 72.8ms)


Started GET "/messages/most_recent" for 127.0.0.1 at 2018-10-08 20:23:23 -0400
Processing by MessagesController#most_recent as */*
  [1m[36mMessage Load (10.1ms)[0m  [1m[34mSELECT "messages".* FROM "messages" ORDER BY created_at DESC[0m
  ↳ app/controllers/messages_controller.rb:38
  [1m[36mUser Load (0.8ms)[0m  [1m[34mSELECT "users".* FROM "users" WHERE "users"."id" IN ($1, $2, $3, $4, $5, $6, $7, $8, $9, $10, $11, $12, $13, $14, $15, $16, $17, $18)[0m  [["id", 43], ["id", 42], ["id", 41], ["id", 40], ["id", 39], ["id", 37], ["id", 34], ["id", 31], ["id", 30], ["id", 23], ["id", 15], ["id", 14], ["id", 13], ["id", 11], ["id", 9], ["id", 7], ["id", 3], ["id", 5]]
  ↳ app/controllers/messages_controller.rb:38
  [1m[36mUser Load (0.8ms)[0m  [1m[34mSELECT "users".* FROM "users" WHERE "users"."id" IN ($1, $2, $3, $4, $5, $6, $7)[0m  [["id", 38], ["id", 32], ["id", 12], ["id", 10], ["id", 8], ["id", 5], ["id", 6]]
  ↳ app/controllers/messages_controller.rb:38
[active_model_serializers] Rendered ActiveModel::Serializer::CollectionSerializer with ActiveModelSerializers::Adapter::Attributes (37.79ms)
Completed 200 OK in 72ms (Views: 59.7ms | ActiveRecord: 11.7ms)


Started POST "/messages" for 127.0.0.1 at 2018-10-08 20:24:56 -0400
Processing by MessagesController#create as JSON
  Parameters: {"message"=>{"content"=>"To live is to learn", "sender_attributes"=>{"name"=>"Tim Ferriss"}, "recipient_attributes"=>{"name"=>""}}}
  [1m[36mUser Load (1.0ms)[0m  [1m[34mSELECT  "users".* FROM "users" WHERE "users"."name" = $1 LIMIT $2[0m  [["name", "Tim Ferriss"], ["LIMIT", 1]]
  ↳ app/models/message.rb:14
  [1m[35m (0.1ms)[0m  [1m[35mBEGIN[0m
  ↳ app/models/message.rb:14
  [1m[36mUser Create (17.3ms)[0m  [1m[32mINSERT INTO "users" ("name", "created_at", "updated_at") VALUES ($1, $2, $3) RETURNING "id"[0m  [["name", "Tim Ferriss"], ["created_at", "2018-10-09 00:24:56.750699"], ["updated_at", "2018-10-09 00:24:56.750699"]]
  ↳ app/models/message.rb:14
  [1m[35m (6.0ms)[0m  [1m[35mCOMMIT[0m
  ↳ app/models/message.rb:14
  [1m[36mUser Load (0.4ms)[0m  [1m[34mSELECT  "users".* FROM "users" WHERE "users"."name" = $1 LIMIT $2[0m  [["name", ""], ["LIMIT", 1]]
  ↳ app/models/message.rb:19
  [1m[35m (0.2ms)[0m  [1m[35mBEGIN[0m
  ↳ app/models/message.rb:19
  [1m[35m (0.2ms)[0m  [1m[31mROLLBACK[0m
  ↳ app/models/message.rb:19
  [1m[35m (0.2ms)[0m  [1m[35mBEGIN[0m
  ↳ app/controllers/messages_controller.rb:10
  [1m[36mMessage Create (9.5ms)[0m  [1m[32mINSERT INTO "messages" ("content", "sender_id", "created_at", "updated_at") VALUES ($1, $2, $3, $4) RETURNING "id"[0m  [["content", "To live is to learn"], ["sender_id", 44], ["created_at", "2018-10-09 00:24:56.791926"], ["updated_at", "2018-10-09 00:24:56.791926"]]
  ↳ app/controllers/messages_controller.rb:10
  [1m[35m (5.8ms)[0m  [1m[35mCOMMIT[0m
  ↳ app/controllers/messages_controller.rb:10
[active_model_serializers] Rendered MessageSerializer with ActiveModelSerializers::Adapter::Attributes (1.09ms)
Completed 200 OK in 68ms (Views: 1.7ms | ActiveRecord: 40.8ms)


Started GET "/messages/most_recent" for 127.0.0.1 at 2018-10-08 20:24:56 -0400
Processing by MessagesController#most_recent as */*
  [1m[36mMessage Load (0.6ms)[0m  [1m[34mSELECT "messages".* FROM "messages" ORDER BY created_at DESC[0m
  ↳ app/controllers/messages_controller.rb:38
  [1m[36mUser Load (4.7ms)[0m  [1m[34mSELECT "users".* FROM "users" WHERE "users"."id" IN ($1, $2, $3, $4, $5, $6, $7, $8, $9, $10, $11, $12, $13, $14, $15, $16, $17, $18, $19)[0m  [["id", 44], ["id", 43], ["id", 42], ["id", 41], ["id", 40], ["id", 39], ["id", 37], ["id", 34], ["id", 31], ["id", 30], ["id", 23], ["id", 15], ["id", 14], ["id", 13], ["id", 11], ["id", 9], ["id", 7], ["id", 3], ["id", 5]]
  ↳ app/controllers/messages_controller.rb:38
  [1m[36mUser Load (1.0ms)[0m  [1m[34mSELECT "users".* FROM "users" WHERE "users"."id" IN ($1, $2, $3, $4, $5, $6, $7)[0m  [["id", 38], ["id", 32], ["id", 12], ["id", 10], ["id", 8], ["id", 5], ["id", 6]]
  ↳ app/controllers/messages_controller.rb:38
[active_model_serializers] Rendered ActiveModel::Serializer::CollectionSerializer with ActiveModelSerializers::Adapter::Attributes (61.01ms)
Completed 200 OK in 92ms (Views: 85.8ms | ActiveRecord: 6.3ms)


Started POST "/messages" for 127.0.0.1 at 2018-10-08 20:33:51 -0400
Processing by MessagesController#create as JSON
  Parameters: {"message"=>{"content"=>"Happy Graduation!", "sender_attributes"=>{"name"=>"me"}, "recipient_attributes"=>{"name"=>"me"}}}
  [1m[36mUser Load (22.4ms)[0m  [1m[34mSELECT  "users".* FROM "users" WHERE "users"."name" = $1 LIMIT $2[0m  [["name", "me"], ["LIMIT", 1]]
  ↳ app/models/message.rb:14
  [1m[36mCACHE User Load (0.0ms)[0m  [1m[34mSELECT  "users".* FROM "users" WHERE "users"."name" = $1 LIMIT $2[0m  [["name", "me"], ["LIMIT", 1]]
  ↳ app/models/message.rb:19
  [1m[35m (0.2ms)[0m  [1m[35mBEGIN[0m
  ↳ app/controllers/messages_controller.rb:10
  [1m[36mMessage Create (6.9ms)[0m  [1m[32mINSERT INTO "messages" ("content", "sender_id", "recipient_id", "created_at", "updated_at") VALUES ($1, $2, $3, $4, $5) RETURNING "id"[0m  [["content", "Happy Graduation!"], ["sender_id", 24], ["recipient_id", 24], ["created_at", "2018-10-09 00:33:51.637911"], ["updated_at", "2018-10-09 00:33:51.637911"]]
  ↳ app/controllers/messages_controller.rb:10
  [1m[35m (11.3ms)[0m  [1m[35mCOMMIT[0m
  ↳ app/controllers/messages_controller.rb:10
[active_model_serializers] Rendered MessageSerializer with ActiveModelSerializers::Adapter::Attributes (2.38ms)
Completed 200 OK in 64ms (Views: 4.6ms | ActiveRecord: 40.9ms)


Started GET "/messages/most_recent" for 127.0.0.1 at 2018-10-08 20:33:51 -0400
Processing by MessagesController#most_recent as */*
  [1m[36mMessage Load (1.4ms)[0m  [1m[34mSELECT "messages".* FROM "messages" ORDER BY created_at DESC[0m
  ↳ app/controllers/messages_controller.rb:38
  [1m[36mUser Load (0.9ms)[0m  [1m[34mSELECT "users".* FROM "users" WHERE "users"."id" IN ($1, $2, $3, $4, $5, $6, $7, $8, $9, $10, $11, $12, $13, $14, $15, $16, $17, $18, $19, $20)[0m  [["id", 24], ["id", 44], ["id", 43], ["id", 42], ["id", 41], ["id", 40], ["id", 39], ["id", 37], ["id", 34], ["id", 31], ["id", 30], ["id", 23], ["id", 15], ["id", 14], ["id", 13], ["id", 11], ["id", 9], ["id", 7], ["id", 3], ["id", 5]]
  ↳ app/controllers/messages_controller.rb:38
  [1m[36mUser Load (0.4ms)[0m  [1m[34mSELECT "users".* FROM "users" WHERE "users"."id" IN ($1, $2, $3, $4, $5, $6, $7, $8)[0m  [["id", 24], ["id", 38], ["id", 32], ["id", 12], ["id", 10], ["id", 8], ["id", 5], ["id", 6]]
  ↳ app/controllers/messages_controller.rb:38
[active_model_serializers] Rendered ActiveModel::Serializer::CollectionSerializer with ActiveModelSerializers::Adapter::Attributes (59.69ms)
Completed 200 OK in 74ms (Views: 70.5ms | ActiveRecord: 2.7ms)


